#
# A fatal error has been detected by the Java Runtime Environment:
#
#  EXCEPTION_ACCESS_VIOLATION (0xc0000005) at pc=0x00007ff9e136714e, pid=22836, tid=20416
#
# JRE version: Java(TM) SE Runtime Environment (21.0.4+8) (build 21.0.4+8-LTS-274)
# Java VM: Java HotSpot(TM) 64-Bit Server VM (21.0.4+8-LTS-274, mixed mode, emulated-client, sharing, tiered, compressed oops, compressed class ptrs, g1 gc, windows-amd64)
# Problematic frame:
# V  [jvm.dll+0x31714e]
#
# No core dump will be written. Minidumps are not enabled by default on client versions of Windows
#
# If you would like to submit a bug report, please visit:
#   https://bugreport.java.com/bugreport/crash.jsp
#

---------------  S U M M A R Y ------------

Command Line: -XX:+ShowCodeDetailsInExceptionMessages -agentlib:jdwp=transport=dt_socket,suspend=y,address=localhost:52565 -Dcom.sun.management.jmxremote -Dcom.sun.management.jmxremote.port=52563 -Dcom.sun.management.jmxremote.authenticate=false -Dcom.sun.management.jmxremote.ssl=false -Djava.rmi.server.hostname=localhost -Dspring.jmx.enabled=true -Dmanagement.endpoints.jmx.exposure.include=* -Dspring.application.admin.enabled=true -Dspring.output.ansi.enabled=always -XX:TieredStopAtLevel=1 -Dspring.boot.project.name=ToolsChallenge -javaagent:D:\estudo\sts-4.30.0.RELEASE\configuration\org.eclipse.osgi\270\0\.cp\lib\javaagent-shaded.jar -Dfile.encoding=UTF-8 -Dstdout.encoding=UTF-8 -Dstderr.encoding=UTF-8 br.com.tools.challenge.main.ToolsChallengeApplication

Host: Intel(R) Core(TM) i7-7500U CPU @ 2.70GHz, 4 cores, 15G,  Windows 10 , 64 bit Build 19041 (10.0.19041.5915)
Time: Mon Sep 15 22:18:17 2025 Hora oficial do Brasil elapsed time: 729.469469 seconds (0d 0h 12m 9s)

---------------  T H R E A D  ---------------

Current thread (0x000001f76d977810):  WorkerThread "GC Thread#0"    [id=20416, stack(0x00000002e2d00000,0x00000002e2e00000) (1024K)]

Stack: [0x00000002e2d00000,0x00000002e2e00000],  sp=0x00000002e2dfdfd0,  free space=1015k
Native frames: (J=compiled Java code, j=interpreted, Vv=VM code, C=native code)
V  [jvm.dll+0x31714e]
V  [jvm.dll+0x33e899]
V  [jvm.dll+0x33e802]
V  [jvm.dll+0x311b1b]
V  [jvm.dll+0x31156d]
V  [jvm.dll+0x3ebf25]
V  [jvm.dll+0x7fd9c6]
V  [jvm.dll+0x807261]
V  [jvm.dll+0x3637da]
V  [jvm.dll+0x363894]
V  [jvm.dll+0x343193]
V  [jvm.dll+0x880f17]
V  [jvm.dll+0x7fd65b]
V  [jvm.dll+0x6c753d]
C  [ucrtbase.dll+0x21bb2]
C  [KERNEL32.DLL+0x17374]
C  [ntdll.dll+0x4cc91]

JavaThread 0x000001f7464666d0 (nid = 26504) was being processed
Java frames: (J=compiled Java code, j=interpreted, Vv=VM code)
j  java.lang.invoke.LambdaForm$DMH+0x000001f7021c0800.invokeVirtual(Ljava/lang/Object;Ljava/lang/Object;Ljava/lang/Object;)Ljava/lang/Object;+11 java.base@21.0.4
j  java.lang.invoke.LambdaForm$MH+0x000001f702aad400.invoke(Ljava/lang/Object;Ljava/lang/Object;Ljava/lang/Object;)Ljava/lang/Object;+52 java.base@21.0.4
J 3845 c1 jdk.internal.reflect.DirectMethodHandleAccessor.invoke(Ljava/lang/Object;[Ljava/lang/Object;)Ljava/lang/Object; java.base@21.0.4 (92 bytes) @ 0x000001f77663c004 [0x000001f77663bca0+0x0000000000000364]
J 3849 c1 java.lang.reflect.Method.invoke(Ljava/lang/Object;[Ljava/lang/Object;)Ljava/lang/Object; java.base@21.0.4 (108 bytes) @ 0x000001f776641374 [0x000001f776641180+0x00000000000001f4]
j  org.springframework.web.method.support.InvocableHandlerMethod.doInvoke([Ljava/lang/Object;)Ljava/lang/Object;+55
j  org.springframework.web.method.support.InvocableHandlerMethod.invokeForRequest(Lorg/springframework/web/context/request/NativeWebRequest;Lorg/springframework/web/method/support/ModelAndViewContainer;[Ljava/lang/Object;)Ljava/lang/Object;+82
j  org.springframework.web.servlet.mvc.method.annotation.ServletInvocableHandlerMethod.invokeAndHandle(Lorg/springframework/web/context/request/ServletWebRequest;Lorg/springframework/web/method/support/ModelAndViewContainer;[Ljava/lang/Object;)V+4
j  org.springframework.web.servlet.mvc.method.annotation.RequestMappingHandlerAdapter.invokeHandlerMethod(Ljakarta/servlet/http/HttpServletRequest;Ljakarta/servlet/http/HttpServletResponse;Lorg/springframework/web/method/HandlerMethod;)Lorg/springframework/web/servlet/ModelAndView;+309
j  org.springframework.web.servlet.mvc.method.annotation.RequestMappingHandlerAdapter.handleInternal(Ljakarta/servlet/http/HttpServletRequest;Ljakarta/servlet/http/HttpServletResponse;Lorg/springframework/web/method/HandlerMethod;)Lorg/springframework/web/servlet/ModelAndView;+81
j  org.springframework.web.servlet.mvc.method.AbstractHandlerMethodAdapter.handle(Ljakarta/servlet/http/HttpServletRequest;Ljakarta/servlet/http/HttpServletResponse;Ljava/lang/Object;)Lorg/springframework/web/servlet/ModelAndView;+7
j  org.springframework.web.servlet.DispatcherServlet.doDispatch(Ljakarta/servlet/http/HttpServletRequest;Ljakarta/servlet/http/HttpServletResponse;)V+304
j  org.springframework.web.servlet.DispatcherServlet.doService(Ljakarta/servlet/http/HttpServletRequest;Ljakarta/servlet/http/HttpServletResponse;)V+242
j  org.springframework.web.servlet.FrameworkServlet.processRequest(Ljakarta/servlet/http/HttpServletRequest;Ljakarta/servlet/http/HttpServletResponse;)V+70
j  org.springframework.web.servlet.FrameworkServlet.doPost(Ljakarta/servlet/http/HttpServletRequest;Ljakarta/servlet/http/HttpServletResponse;)V+3
j  jakarta.servlet.http.HttpServlet.service(Ljakarta/servlet/http/HttpServletRequest;Ljakarta/servlet/http/HttpServletResponse;)V+150
j  org.springframework.web.servlet.FrameworkServlet.service(Ljakarta/servlet/http/HttpServletRequest;Ljakarta/servlet/http/HttpServletResponse;)V+20
j  jakarta.servlet.http.HttpServlet.service(Ljakarta/servlet/ServletRequest;Ljakarta/servlet/ServletResponse;)V+37
j  org.apache.catalina.core.ApplicationFilterChain.internalDoFilter(Ljakarta/servlet/ServletRequest;Ljakarta/servlet/ServletResponse;)V+300
j  org.apache.catalina.core.ApplicationFilterChain.doFilter(Ljakarta/servlet/ServletRequest;Ljakarta/servlet/ServletResponse;)V+99
j  org.apache.tomcat.websocket.server.WsFilter.doFilter(Ljakarta/servlet/ServletRequest;Ljakarta/servlet/ServletResponse;Ljakarta/servlet/FilterChain;)V+21
j  org.apache.catalina.core.ApplicationFilterChain.internalDoFilter(Ljakarta/servlet/ServletRequest;Ljakarta/servlet/ServletResponse;)V+130
j  org.apache.catalina.core.ApplicationFilterChain.doFilter(Ljakarta/servlet/ServletRequest;Ljakarta/servlet/ServletResponse;)V+99
j  org.springframework.web.filter.RequestContextFilter.doFilterInternal(Ljakarta/servlet/http/HttpServletRequest;Ljakarta/servlet/http/HttpServletResponse;Ljakarta/servlet/FilterChain;)V+21
j  org.springframework.web.filter.OncePerRequestFilter.doFilter(Ljakarta/servlet/ServletRequest;Ljakarta/servlet/ServletResponse;Ljakarta/servlet/FilterChain;)V+150
j  org.apache.catalina.core.ApplicationFilterChain.internalDoFilter(Ljakarta/servlet/ServletRequest;Ljakarta/servlet/ServletResponse;)V+130
j  org.apache.catalina.core.ApplicationFilterChain.doFilter(Ljakarta/servlet/ServletRequest;Ljakarta/servlet/ServletResponse;)V+99
j  org.springframework.web.filter.FormContentFilter.doFilterInternal(Ljakarta/servlet/http/HttpServletRequest;Ljakarta/servlet/http/HttpServletResponse;Ljakarta/servlet/FilterChain;)V+38
j  org.springframework.web.filter.OncePerRequestFilter.doFilter(Ljakarta/servlet/ServletRequest;Ljakarta/servlet/ServletResponse;Ljakarta/servlet/FilterChain;)V+150
j  org.apache.catalina.core.ApplicationFilterChain.internalDoFilter(Ljakarta/servlet/ServletRequest;Ljakarta/servlet/ServletResponse;)V+130
j  org.apache.catalina.core.ApplicationFilterChain.doFilter(Ljakarta/servlet/ServletRequest;Ljakarta/servlet/ServletResponse;)V+99
j  org.springframework.web.filter.CharacterEncodingFilter.doFilterInternal(Ljakarta/servlet/http/HttpServletRequest;Ljakarta/servlet/http/HttpServletResponse;Ljakarta/servlet/FilterChain;)V+53
j  org.springframework.web.filter.OncePerRequestFilter.doFilter(Ljakarta/servlet/ServletRequest;Ljakarta/servlet/ServletResponse;Ljakarta/servlet/FilterChain;)V+150
j  org.apache.catalina.core.ApplicationFilterChain.internalDoFilter(Ljakarta/servlet/ServletRequest;Ljakarta/servlet/ServletResponse;)V+130
j  org.apache.catalina.core.ApplicationFilterChain.doFilter(Ljakarta/servlet/ServletRequest;Ljakarta/servlet/ServletResponse;)V+99
j  org.apache.catalina.core.StandardWrapperValve.invoke(Lorg/apache/catalina/connector/Request;Lorg/apache/catalina/connector/Response;)V+511
j  org.apache.catalina.core.StandardContextValve.invoke(Lorg/apache/catalina/connector/Request;Lorg/apache/catalina/connector/Response;)V+169
j  org.apache.catalina.authenticator.AuthenticatorBase.invoke(Lorg/apache/catalina/connector/Request;Lorg/apache/catalina/connector/Response;)V+221
j  org.apache.catalina.core.StandardHostValve.invoke(Lorg/apache/catalina/connector/Request;Lorg/apache/catalina/connector/Response;)V+131
j  org.apache.catalina.valves.ErrorReportValve.invoke(Lorg/apache/catalina/connector/Request;Lorg/apache/catalina/connector/Response;)V+6
j  org.apache.catalina.core.StandardEngineValve.invoke(Lorg/apache/catalina/connector/Request;Lorg/apache/catalina/connector/Response;)V+59
j  org.apache.catalina.connector.CoyoteAdapter.service(Lorg/apache/coyote/Request;Lorg/apache/coyote/Response;)V+188
j  org.apache.coyote.http11.Http11Processor.service(Lorg/apache/tomcat/util/net/SocketWrapperBase;)Lorg/apache/tomcat/util/net/AbstractEndpoint$Handler$SocketState;+796
j  org.apache.coyote.AbstractProcessorLight.process(Lorg/apache/tomcat/util/net/SocketWrapperBase;Lorg/apache/tomcat/util/net/SocketEvent;)Lorg/apache/tomcat/util/net/AbstractEndpoint$Handler$SocketState;+155
j  org.apache.coyote.AbstractProtocol$ConnectionHandler.process(Lorg/apache/tomcat/util/net/SocketWrapperBase;Lorg/apache/tomcat/util/net/SocketEvent;)Lorg/apache/tomcat/util/net/AbstractEndpoint$Handler$SocketState;+477
j  org.apache.tomcat.util.net.NioEndpoint$SocketProcessor.doRun()V+222
j  org.apache.tomcat.util.net.SocketProcessorBase.run()V+32
J 13723 c1 org.apache.tomcat.util.threads.ThreadPoolExecutor.runWorker(Lorg/apache/tomcat/util/threads/ThreadPoolExecutor$Worker;)V (187 bytes) @ 0x000001f7771ade54 [0x000001f7771adb80+0x00000000000002d4]
J 13722 c1 org.apache.tomcat.util.threads.ThreadPoolExecutor$Worker.run()V (9 bytes) @ 0x000001f776ddca7c [0x000001f776ddca20+0x000000000000005c]
J 13142 c1 org.apache.tomcat.util.threads.TaskThread$WrappingRunnable.run()V (42 bytes) @ 0x000001f776a6cb84 [0x000001f776a6cb20+0x0000000000000064]
J 10617 c1 java.lang.Thread.run()V java.base@21.0.4 (23 bytes) @ 0x000001f776e2ee5c [0x000001f776e2edc0+0x000000000000009c]
v  ~StubRoutines::call_stub 0x000001f775d8100d

siginfo: EXCEPTION_ACCESS_VIOLATION (0xc0000005), reading address 0xffffffffffffffff


Registers:
RAX=0x000001f779d60000, RBX=0x000001f76d977d20, RCX=0x0000000000000011, RDX=0x0000000000000001
RSP=0x00000002e2dfdfd0, RBP=0x00000002e2dfe170, RSI=0x00000002e2dfe340, RDI=0x1fffffff7c4dfa51
R8 =0x040001f7695fbf48, R9 =0x000001f742b08838, R10=0x000001f775d80000, R11=0x00000002e2dfe1e8
R12=0x000001f701543580, R13=0x000001f76d921d20, R14=0x000001f76d92a370, R15=0x0000000000000000
RIP=0x00007ff9e136714e, EFLAGS=0x0000000000010206


Register to memory mapping:

RAX=0x000001f779d60000 points into unknown readable memory: 0x0000000000000001 | 01 00 00 00 00 00 00 00
RBX=0x000001f76d977d20 points into unknown readable memory: 0x00007ff9e1a1ee48 | 48 ee a1 e1 f9 7f 00 00
RCX=0x0000000000000011 is an unknown value
RDX=0x0000000000000001 is an unknown value
RSP=0x00000002e2dfdfd0 points into unknown readable memory: 0x000001f776e2edb0 | b0 ed e2 76 f7 01 00 00
RBP=0x00000002e2dfe170 points into unknown readable memory: 0x00000002e2dfe340 | 40 e3 df e2 02 00 00 00
RSI=0x00000002e2dfe340 points into unknown readable memory: 0x00000002e52fd278 | 78 d2 2f e5 02 00 00 00
RDI=0x1fffffff7c4dfa51 is an unknown value
R8 =0x040001f7695fbf48 is an unknown value
R9 =0x000001f742b08838 is pointing into metadata
R10=0x000001f775d80000 points into unknown readable memory: 0x0000000000000006 | 06 00 00 00 00 00 00 00
R11=0x00000002e2dfe1e8 points into unknown readable memory: 0x00007ff9e136156d | 6d 15 36 e1 f9 7f 00 00
R12=0x000001f701543580 is pointing into metadata
R13=0x000001f76d921d20 points into unknown readable memory: 0x0000000000000000 | 00 00 00 00 00 00 00 00
R14=0x000001f76d92a370 points into unknown readable memory: 0x0000000000000002 | 02 00 00 00 00 00 00 00
R15=0x0 is null

Top of Stack: (sp=0x00000002e2dfdfd0)
0x00000002e2dfdfd0:   000001f776e2edb0 00007ff9e1792852
0x00000002e2dfdfe0:   00000007056001b0 00000047f62a8a09
0x00000002e2dfdff0:   000001f746877720 00007ff9e138e899
0x00000002e2dfe000:   00000002e52fd288 00007ff9e1792852
0x00000002e2dfe010:   0000000000000000 00000002e2dfe340
0x00000002e2dfe020:   0000000000000001 00007ff9e1707799
0x00000002e2dfe030:   000001f746877720 00007ff9e138e802
0x00000002e2dfe040:   00000002e2dfe100 00000002e52fd288
0x00000002e2dfe050:   000001f701480090 0000000000000000
0x00000002e2dfe060:   0000000000000002 00007ff9e1361b1b
0x00000002e2dfe070:   000001f746877cd0 000001f742b08a80
0x00000002e2dfe080:   000001f746877cd0 00000002e2dfe340
0x00000002e2dfe090:   0000000b46877701 000001f742b08a80
0x00000002e2dfe0a0:   000001f76d977810 000001f700000004
0x00000002e2dfe0b0:   00000000000003d8 000001f76d921d30
0x00000002e2dfe0c0:   000001f76d922108 000001f742b08a73
0x00000002e2dfe0d0:   000001f7000000b8 000001f742b08a80
0x00000002e2dfe0e0:   0000000000000000 000000070307baf8
0x00000002e2dfe0f0:   000001f746877cd0 0000000300000001
0x00000002e2dfe100:   000001f701543580 0000001300000001
0x00000002e2dfe110:   0000000000000055 000000010000000c
0x00000002e2dfe120:   000001f701480090 0000000000000000
0x00000002e2dfe130:   000001f746185a64 000001f700000006
0x00000002e2dfe140:   000001f746877720 00007ff9e138e899
0x00000002e2dfe150:   0000000705600110 000001f746877cd0
0x00000002e2dfe160:   00000000000003d8 000001f76d922108
0x00000002e2dfe170:   00000002e2dfe340 00000002e2dff820
0x00000002e2dfe180:   000001f746877720 00007ff9e138e802
0x00000002e2dfe190:   00000002e2dfe378 0000000705600110
0x00000002e2dfe1a0:   000042284df48b89 00000002e2dff820
0x00000002e2dfe1b0:   000001f746877cd0 00000000000003d8
0x00000002e2dfe1c0:   000001f76d922108 00000002e2dfe340 

Instructions: (pc=0x00007ff9e136714e)
0x00007ff9e136704e:   38 f0 4c 01 04 c8 48 c7 42 08 00 00 00 00 44 89
0x00007ff9e136705e:   12 49 ff 41 58 4c 01 5a 08 e9 4a ff ff ff 49 ff
0x00007ff9e136706e:   41 50 4c 01 5a 08 e9 3d ff ff ff cc cc cc cc cc
0x00007ff9e136707e:   cc cc 48 89 5c 24 08 57 48 83 ec 20 48 8b 01 48
0x00007ff9e136708e:   8b fa 48 8b d9 ff 50 08 4c 8b c8 48 85 c0 74 66
0x00007ff9e136709e:   4c 8b 40 10 4c 2b 00 48 c7 40 28 00 00 00 00 4c
0x00007ff9e13670ae:   89 43 18 48 8b 50 10 48 8b 48 08 48 8b c7 48 2b
0x00007ff9e13670be:   ca 48 c1 e9 03 48 3b cf 48 0f 42 c1 48 3b c7 72
0x00007ff9e13670ce:   1e 48 8d 04 c2 49 89 41 10 90 ff 43 10 48 8b c2
0x00007ff9e13670de:   4c 89 4b 08 48 8b 5c 24 30 48 83 c4 20 5f c3 33
0x00007ff9e13670ee:   d2 90 ff 43 10 8b c2 4c 89 4b 08 48 8b 5c 24 30
0x00007ff9e13670fe:   48 83 c4 20 5f c3 48 8b 5c 24 30 48 83 c4 20 5f
0x00007ff9e136710e:   c3 cc 48 89 5c 24 08 57 48 83 ec 20 48 8b 01 48
0x00007ff9e136711e:   8b fa 48 8b d9 ff 10 48 2b 7b 08 8b 4b 18 48 8b
0x00007ff9e136712e:   43 20 48 c1 ef 03 48 d3 ef 40 0f b6 cf 48 8b d7
0x00007ff9e136713e:   48 c1 ea 06 80 e1 3f 4c 8d 04 d0 ba 01 00 00 00
0x00007ff9e136714e:   49 8b 00 48 d3 e2 48 8b c8 48 0b ca 48 3b c8 74
0x00007ff9e136715e:   13 90 f0 49 0f b1 08 74 18 48 8b c8 48 0b ca 48
0x00007ff9e136716e:   3b c8 75 ee 32 c0 48 8b 5c 24 30 48 83 c4 20 5f
0x00007ff9e136717e:   c3 48 8b 5c 24 30 b0 01 48 83 c4 20 5f c3 cc cc
0x00007ff9e136718e:   cc cc 48 89 5c 24 08 57 48 83 ec 20 4c 8b 41 30
0x00007ff9e136719e:   48 8b da 48 8b f9 45 8b 88 80 00 00 00 41 8b 80
0x00007ff9e13671ae:   00 01 00 00 41 8b d1 2b d0 81 e2 ff ff 01 00 81
0x00007ff9e13671be:   fa fe ff 01 00 73 26 49 8b 80 80 01 00 00 4a 89
0x00007ff9e13671ce:   1c c8 41 8d 41 01 25 ff ff 01 00 41 89 80 80 00
0x00007ff9e13671de:   00 00 48 8b 5c 24 30 48 83 c4 20 5f c3 e8 90 af
0x00007ff9e13671ee:   01 00 48 8b 57 30 44 8b 82 80 00 00 00 8b 82 00
0x00007ff9e13671fe:   01 00 00 41 8b c8 2b c8 81 e1 ff ff 01 00 81 f9
0x00007ff9e136720e:   fe ff 01 00 73 1a 48 8b 82 80 01 00 00 4a 89 1c
0x00007ff9e136721e:   c0 41 8d 40 01 25 ff ff 01 00 89 82 80 00 00 00
0x00007ff9e136722e:   48 8b 5c 24 30 48 83 c4 20 5f c3 cc cc cc cc cc
0x00007ff9e136723e:   cc cc 48 89 5c 24 08 57 48 83 ec 20 48 8b 79 08 


Stack slot to memory mapping:

stack at sp + 0 slots: 0x000001f776e2edb0 is at entry_point+-16 in (nmethod*)0x000001f776e2ec10
Compiled method (c1)  729647 10617       1       java.lang.Thread::run (23 bytes)
 total in heap  [0x000001f776e2ec10,0x000001f776e2f018] = 1032
 relocation     [0x000001f776e2ed68,0x000001f776e2edb0] = 72
 main code      [0x000001f776e2edc0,0x000001f776e2eec0] = 256
 stub code      [0x000001f776e2eec0,0x000001f776e2ef18] = 88
 metadata       [0x000001f776e2ef18,0x000001f776e2ef40] = 40
 scopes data    [0x000001f776e2ef40,0x000001f776e2ef90] = 80
 scopes pcs     [0x000001f776e2ef90,0x000001f776e2eff0] = 96
 dependencies   [0x000001f776e2eff0,0x000001f776e2f000] = 16
 nul chk table  [0x000001f776e2f000,0x000001f776e2f018] = 24
stack at sp + 1 slots: 0x00007ff9e1792852 jvm.dll
stack at sp + 2 slots: 0x00000007056001b0 is an oop: java.util.concurrent.ThreadPoolExecutor$Worker 
{0x00000007056001b0} - klass: 'java/util/concurrent/ThreadPoolExecutor$Worker'
 - ---- fields (total size 6 words):
 - private transient 'exclusiveOwnerThread' 'Ljava/lang/Thread;' @12  null (0x00000000)
 - private volatile 'state' 'I' @16  0 (0x00000000)
 - private volatile transient 'head' 'Ljava/util/concurrent/locks/AbstractQueuedSynchronizer$Node;' @20  null (0x00000000)
 - private volatile transient 'tail' 'Ljava/util/concurrent/locks/AbstractQueuedSynchronizer$Node;' @24  null (0x00000000)
 - final 'thread' 'Ljava/lang/Thread;' @28  a 'org/apache/tomcat/util/threads/TaskThread'{0x0000000705600110} (0xe0ac0022)
 - volatile 'completedTasks' 'J' @32  33 (0x0000000000000021)
 - 'firstTask' 'Ljava/lang/Runnable;' @40  null (0x00000000)
 - final synthetic 'this$0' 'Ljava/util/concurrent/ThreadPoolExecutor;' @44  a 'java/util/concurrent/ScheduledThreadPoolExecutor'{0x0000000705632a00} (0xe0ac6540)
stack at sp + 3 slots: 0x00000047f62a8a09 is an unknown value
stack at sp + 4 slots: 0x000001f746877720 points into unknown readable memory: 0x00000002e33ff390 | 90 f3 3f e3 02 00 00 00
stack at sp + 5 slots: 0x00007ff9e138e899 jvm.dll
stack at sp + 6 slots: 0x00000002e52fd288 is pointing into the stack for thread: 0x000001f7464666d0
stack at sp + 7 slots: 0x00007ff9e1792852 jvm.dll


---------------  P R O C E S S  ---------------

Threads class SMR info:
_java_thread_list=0x000001f7493c1d30, length=29, elements={
0x000001f7001abdb0, 0x000001f7001ad160, 0x000001f7001b2ba0, 0x000001f7001b37b0,
0x000001f7001b9320, 0x000001f7001bdbd0, 0x000001f7001bef80, 0x000001f7003dcff0,
0x000001f700457fd0, 0x000001f70045c670, 0x000001f700462110, 0x000001f7003df0c0,
0x000001f7003ddd10, 0x000001f7003dd680, 0x000001f7003dea30, 0x000001f7003dbc40,
0x000001f7003dc2d0, 0x000001f7003dc960, 0x000001f74687a510, 0x000001f746265a90,
0x000001f746268880, 0x000001f746268f10, 0x000001f7003de3a0, 0x000001f74687b8c0,
0x000001f74645fdd0, 0x000001f746466040, 0x000001f7464666d0, 0x000001f746879e80,
0x000001f746875650
}

Java Threads: ( => current thread )
  0x000001f7001abdb0 JavaThread "Reference Handler"          daemon [_thread_blocked, id=1708, stack(0x00000002e3400000,0x00000002e3500000) (1024K)]
  0x000001f7001ad160 JavaThread "Finalizer"                  daemon [_thread_blocked, id=22604, stack(0x00000002e3500000,0x00000002e3600000) (1024K)]
  0x000001f7001b2ba0 JavaThread "Signal Dispatcher"          daemon [_thread_blocked, id=11560, stack(0x00000002e3600000,0x00000002e3700000) (1024K)]
  0x000001f7001b37b0 JavaThread "Attach Listener"            daemon [_thread_blocked, id=25004, stack(0x00000002e3700000,0x00000002e3800000) (1024K)]
  0x000001f7001b9320 JavaThread "Service Thread"             daemon [_thread_blocked, id=6432, stack(0x00000002e3800000,0x00000002e3900000) (1024K)]
  0x000001f7001bdbd0 JavaThread "Monitor Deflation Thread"   daemon [_thread_blocked, id=14144, stack(0x00000002e3900000,0x00000002e3a00000) (1024K)]
  0x000001f7001bef80 JavaThread "C1 CompilerThread0"         daemon [_thread_blocked, id=21984, stack(0x00000002e3a00000,0x00000002e3b00000) (1024K)]
  0x000001f7003dcff0 JavaThread "Common-Cleaner"             daemon [_thread_blocked, id=5172, stack(0x00000002e3b00000,0x00000002e3c00000) (1024K)]
  0x000001f700457fd0 JavaThread "JDWP Transport Listener: dt_socket" daemon [_thread_blocked, id=22776, stack(0x00000002e3c00000,0x00000002e3d00000) (1024K)]
  0x000001f70045c670 JavaThread "JDWP Event Helper Thread"   daemon [_thread_blocked, id=13260, stack(0x00000002e3d00000,0x00000002e3e00000) (1024K)]
  0x000001f700462110 JavaThread "JDWP Command Reader"        daemon [_thread_in_native, id=20432, stack(0x00000002e3e00000,0x00000002e3f00000) (1024K)]
  0x000001f7003df0c0 JavaThread "Notification Thread"        daemon [_thread_blocked, id=6528, stack(0x00000002e4000000,0x00000002e4100000) (1024K)]
  0x000001f7003ddd10 JavaThread "RMI TCP Accept-0"           daemon [_thread_in_native, id=19096, stack(0x00000002e4500000,0x00000002e4600000) (1024K)]
  0x000001f7003dd680 JavaThread "RMI TCP Accept-52563"       daemon [_thread_in_native, id=16176, stack(0x00000002e4600000,0x00000002e4700000) (1024K)]
  0x000001f7003dea30 JavaThread "RMI Scheduler(0)"           daemon [_thread_blocked, id=25580, stack(0x00000002e4800000,0x00000002e4900000) (1024K)]
  0x000001f7003dbc40 JavaThread "RMI TCP Connection(39)-127.0.0.1" daemon [_thread_in_native, id=16984, stack(0x00000002e4900000,0x00000002e4a00000) (1024K)]
  0x000001f7003dc2d0 JavaThread "JMX server connection timeout 32" daemon [_thread_blocked, id=26596, stack(0x00000002e4a00000,0x00000002e4b00000) (1024K)]
  0x000001f7003dc960 JavaThread "RMI TCP Accept-0"           daemon [_thread_in_native, id=15180, stack(0x00000002e4b00000,0x00000002e4c00000) (1024K)]
  0x000001f74687a510 JavaThread "Live Reload Server"         daemon [_thread_in_native, id=20844, stack(0x00000002e5500000,0x00000002e5600000) (1024K)]
  0x000001f746265a90 JavaThread "DestroyJavaVM"                     [_thread_blocked, id=3052, stack(0x00000002e2c00000,0x00000002e2d00000) (1024K)]
  0x000001f746268880 JavaThread "RMI TCP Connection(idle)"   daemon [_thread_blocked, id=23952, stack(0x00000002e5e00000,0x00000002e5f00000) (1024K)]
  0x000001f746268f10 JavaThread "RMI TCP Connection(idle)"   daemon [_thread_blocked, id=10236, stack(0x00000002e5f00000,0x00000002e6000000) (1024K)]
  0x000001f7003de3a0 JavaThread "RMI TCP Connection(38)-127.0.0.1" daemon [_thread_blocked, id=25908, stack(0x00000002e6000000,0x00000002e6100000) (1024K)]
  0x000001f74687b8c0 JavaThread "File Watcher"               daemon [_thread_blocked, id=23592, stack(0x00000002e2a00000,0x00000002e2b00000) (1024K)]
  0x000001f74645fdd0 JavaThread "Catalina-utility-1"                [_thread_blocked, id=3116, stack(0x00000002e3f00000,0x00000002e4000000) (1024K)]
  0x000001f746466040 JavaThread "Catalina-utility-2"                [_thread_blocked, id=10468, stack(0x00000002e4400000,0x00000002e4500000) (1024K)]
  0x000001f7464666d0 JavaThread "http-nio-8080-exec-2"       daemon [_thread_blocked, id=26504, stack(0x00000002e5200000,0x00000002e5300000) (1024K)]
  0x000001f746879e80 JavaThread "Thread-115"                        [_thread_blocked, id=23344, stack(0x00000002e2900000,0x00000002e2a00000) (1024K)]
  0x000001f746875650 JavaThread "JMX server connection timeout 834" daemon [_thread_blocked, id=24288, stack(0x00000002e4c00000,0x00000002e4d00000) (1024K)]
Total: 29

Other Threads:
  0x000001f70018aad0 VMThread "VM Thread"                           [id=23628, stack(0x00000002e3300000,0x00000002e3400000) (1024K)]
  0x000001f700172a10 WatcherThread "VM Periodic Task Thread"        [id=22636, stack(0x00000002e3200000,0x00000002e3300000) (1024K)]
=>0x000001f76d977810 WorkerThread "GC Thread#0"                     [id=20416, stack(0x00000002e2d00000,0x00000002e2e00000) (1024K)]
  0x000001f7461da2a0 WorkerThread "GC Thread#1"                     [id=24544, stack(0x00000002e4100000,0x00000002e4200000) (1024K)]
  0x000001f7461da640 WorkerThread "GC Thread#2"                     [id=19312, stack(0x00000002e4200000,0x00000002e4300000) (1024K)]
  0x000001f7461daaf0 WorkerThread "GC Thread#3"                     [id=9432, stack(0x00000002e4300000,0x00000002e4400000) (1024K)]
  0x000001f76d988340 ConcurrentGCThread "G1 Main Marker"            [id=10844, stack(0x00000002e2e00000,0x00000002e2f00000) (1024K)]
  0x000001f76d989460 WorkerThread "G1 Conc#0"                       [id=23976, stack(0x00000002e2f00000,0x00000002e3000000) (1024K)]
  0x000001f76d9cea00 ConcurrentGCThread "G1 Refine#0"               [id=11440, stack(0x00000002e3000000,0x00000002e3100000) (1024K)]
  0x000001f700044ec0 ConcurrentGCThread "G1 Service"                [id=4544, stack(0x00000002e3100000,0x00000002e3200000) (1024K)]
Total: 10

Threads with active compile tasks:
Total: 0

VM state: at safepoint (normal execution)

VM Mutex/Monitor currently owned by a thread:  ([mutex/lock_event])
[0x00007ff9e1c87e98] Threads_lock - owner thread: 0x000001f70018aad0
[0x00007ff9e1c87f98] Heap_lock - owner thread: 0x000001f746879e80

Heap address: 0x0000000702c00000, size: 4052 MB, Compressed Oops mode: Zero based, Oop shift amount: 3

CDS archive(s) mapped at: [0x000001f701000000-0x000001f701c90000-0x000001f701c90000), size 13172736, SharedBaseAddress: 0x000001f701000000, ArchiveRelocationMode: 1.
Compressed class space mapped at: 0x000001f702000000-0x000001f742000000, reserved size: 1073741824
Narrow klass base: 0x000001f701000000, Narrow klass shift: 0, Narrow klass range: 0x100000000

GC Precious Log:
 CardTable entry size: 512
 Card Set container configuration: InlinePtr #cards 4 size 8 Array Of Cards #cards 16 size 48 Howl #buckets 8 coarsen threshold 3686 Howl Bitmap #cards 512 size 80 coarsen threshold 460 Card regions per heap region 1 cards per card region 4096
 CPUs: 4 total, 4 available
 Memory: 16201M
 Large Page Support: Disabled
 NUMA Support: Disabled
 Compressed Oops: Enabled (Zero based)
 Heap Region Size: 2M
 Heap Min Capacity: 8M
 Heap Initial Capacity: 254M
 Heap Max Capacity: 4052M
 Pre-touch: Disabled
 Parallel Workers: 4
 Concurrent Workers: 1
 Concurrent Refinement Workers: 4
 Periodic GC: Disabled

Heap:
 garbage-first heap   total 90112K, used 66188K [0x0000000702c00000, 0x0000000800000000)
  region size 2048K, 20 young (40960K), 3 survivors (6144K)
 Metaspace       used 78879K, committed 79936K, reserved 1179648K
  class space    used 10696K, committed 11136K, reserved 1048576K

Heap Regions: E=young(eden), S=young(survivor), O=old, HS=humongous(starts), HC=humongous(continues), CS=collection set, F=free, TAMS=top-at-mark-start, PB=parsable bottom
|   0|0x0000000702c00000, 0x0000000702dfffe8, 0x0000000702e00000| 99%| O|  |TAMS 0x0000000702c00000| PB 0x0000000702c00000| Untracked 
|   1|0x0000000702e00000, 0x0000000703000000, 0x0000000703000000|100%| O|  |TAMS 0x0000000702e00000| PB 0x0000000702e00000| Untracked 
|   2|0x0000000703000000, 0x0000000703200000, 0x0000000703200000|100%| O|  |TAMS 0x0000000703000000| PB 0x0000000703000000| Untracked 
|   3|0x0000000703200000, 0x00000007033fffd8, 0x0000000703400000| 99%| O|  |TAMS 0x0000000703200000| PB 0x0000000703200000| Untracked 
|   4|0x0000000703400000, 0x00000007035ffff0, 0x0000000703600000| 99%| O|  |TAMS 0x0000000703400000| PB 0x0000000703400000| Untracked 
|   5|0x0000000703600000, 0x00000007037ffff8, 0x0000000703800000| 99%| O|  |TAMS 0x0000000703600000| PB 0x0000000703600000| Untracked 
|   6|0x0000000703800000, 0x00000007039fffe8, 0x0000000703a00000| 99%| O|  |TAMS 0x0000000703800000| PB 0x0000000703800000| Untracked 
|   7|0x0000000703a00000, 0x0000000703bfffb8, 0x0000000703c00000| 99%| O|  |TAMS 0x0000000703a00000| PB 0x0000000703a00000| Untracked 
|   8|0x0000000703c00000, 0x0000000703dffff0, 0x0000000703e00000| 99%| O|  |TAMS 0x0000000703c00000| PB 0x0000000703c00000| Untracked 
|   9|0x0000000703e00000, 0x0000000703fffff8, 0x0000000704000000| 99%| O|  |TAMS 0x0000000703e00000| PB 0x0000000703e00000| Untracked 
|  10|0x0000000704000000, 0x00000007041fffd0, 0x0000000704200000| 99%| O|  |TAMS 0x0000000704000000| PB 0x0000000704000000| Untracked 
|  11|0x0000000704200000, 0x00000007043fffd8, 0x0000000704400000| 99%| O|  |TAMS 0x0000000704200000| PB 0x0000000704200000| Untracked 
|  12|0x0000000704400000, 0x00000007045023e0, 0x0000000704600000| 50%| O|  |TAMS 0x0000000704400000| PB 0x0000000704400000| Untracked 
|  13|0x0000000704600000, 0x00000007046d30f8, 0x0000000704800000| 41%| O|  |TAMS 0x0000000704600000| PB 0x0000000704600000| Untracked 
|  14|0x0000000704800000, 0x000000070488aed0, 0x0000000704a00000| 27%| O|  |TAMS 0x0000000704800000| PB 0x0000000704800000| Untracked 
|  15|0x0000000704a00000, 0x0000000704a00000, 0x0000000704c00000|  0%| F|  |TAMS 0x0000000704a00000| PB 0x0000000704a00000| Untracked 
|  16|0x0000000704c00000, 0x0000000704c00000, 0x0000000704e00000|  0%| F|  |TAMS 0x0000000704c00000| PB 0x0000000704c00000| Untracked 
|  17|0x0000000704e00000, 0x0000000704e00000, 0x0000000705000000|  0%| F|  |TAMS 0x0000000704e00000| PB 0x0000000704e00000| Untracked 
|  18|0x0000000705000000, 0x0000000705000000, 0x0000000705200000|  0%| F|  |TAMS 0x0000000705000000| PB 0x0000000705000000| Untracked 
|  19|0x0000000705200000, 0x00000007052fcc38, 0x0000000705400000| 49%| S|  |TAMS 0x0000000705200000| PB 0x0000000705200000| Complete 
|  20|0x0000000705400000, 0x0000000705600000, 0x0000000705600000|100%| S|  |TAMS 0x0000000705400000| PB 0x0000000705400000| Complete 
|  21|0x0000000705600000, 0x0000000705800000, 0x0000000705800000|100%| S|  |TAMS 0x0000000705600000| PB 0x0000000705600000| Complete 
|  22|0x0000000705800000, 0x0000000705800000, 0x0000000705a00000|  0%| F|  |TAMS 0x0000000705800000| PB 0x0000000705800000| Untracked 
|  23|0x0000000705a00000, 0x0000000705a00000, 0x0000000705c00000|  0%| F|  |TAMS 0x0000000705a00000| PB 0x0000000705a00000| Untracked 
|  24|0x0000000705c00000, 0x0000000705c00000, 0x0000000705e00000|  0%| F|  |TAMS 0x0000000705c00000| PB 0x0000000705c00000| Untracked 
|  25|0x0000000705e00000, 0x0000000705e00000, 0x0000000706000000|  0%| F|  |TAMS 0x0000000705e00000| PB 0x0000000705e00000| Untracked 
|  26|0x0000000706000000, 0x0000000706000000, 0x0000000706200000|  0%| F|  |TAMS 0x0000000706000000| PB 0x0000000706000000| Untracked 
|  27|0x0000000706200000, 0x00000007063462e8, 0x0000000706400000| 63%| E|  |TAMS 0x0000000706200000| PB 0x0000000706200000| Complete 
|  28|0x0000000706400000, 0x0000000706600000, 0x0000000706600000|100%| E|  |TAMS 0x0000000706400000| PB 0x0000000706400000| Complete 
|  29|0x0000000706600000, 0x0000000706800000, 0x0000000706800000|100%| E|  |TAMS 0x0000000706600000| PB 0x0000000706600000| Complete 
|  30|0x0000000706800000, 0x0000000706a00000, 0x0000000706a00000|100%| E|  |TAMS 0x0000000706800000| PB 0x0000000706800000| Complete 
|  31|0x0000000706a00000, 0x0000000706c00000, 0x0000000706c00000|100%| E|  |TAMS 0x0000000706a00000| PB 0x0000000706a00000| Complete 
|  32|0x0000000706c00000, 0x0000000706e00000, 0x0000000706e00000|100%| E|  |TAMS 0x0000000706c00000| PB 0x0000000706c00000| Complete 
|  33|0x0000000706e00000, 0x0000000707000000, 0x0000000707000000|100%| E|  |TAMS 0x0000000706e00000| PB 0x0000000706e00000| Complete 
|  34|0x0000000707000000, 0x0000000707200000, 0x0000000707200000|100%| E|  |TAMS 0x0000000707000000| PB 0x0000000707000000| Complete 
|  35|0x0000000707200000, 0x0000000707400000, 0x0000000707400000|100%| E|  |TAMS 0x0000000707200000| PB 0x0000000707200000| Complete 
|  36|0x0000000707400000, 0x0000000707600000, 0x0000000707600000|100%| E|  |TAMS 0x0000000707400000| PB 0x0000000707400000| Complete 
|  37|0x0000000707600000, 0x0000000707800000, 0x0000000707800000|100%| E|  |TAMS 0x0000000707600000| PB 0x0000000707600000| Complete 
|  38|0x0000000707800000, 0x0000000707a00000, 0x0000000707a00000|100%| E|  |TAMS 0x0000000707800000| PB 0x0000000707800000| Complete 
|  39|0x0000000707a00000, 0x0000000707c00000, 0x0000000707c00000|100%| E|  |TAMS 0x0000000707a00000| PB 0x0000000707a00000| Complete 
|  40|0x0000000707c00000, 0x0000000707e00000, 0x0000000707e00000|100%| E|  |TAMS 0x0000000707c00000| PB 0x0000000707c00000| Complete 
|  41|0x0000000707e00000, 0x0000000708000000, 0x0000000708000000|100%| E|  |TAMS 0x0000000707e00000| PB 0x0000000707e00000| Complete 
|  42|0x0000000708000000, 0x0000000708200000, 0x0000000708200000|100%| E|  |TAMS 0x0000000708000000| PB 0x0000000708000000| Complete 
|  43|0x0000000708200000, 0x0000000708400000, 0x0000000708400000|100%| E|  |TAMS 0x0000000708200000| PB 0x0000000708200000| Complete 

Card table byte_map: [0x000001f779570000,0x000001f779d60000] _byte_map_base: 0x000001f775d5a000

Marking Bits: (CMBitMap*) 0x000001f76d977d20
 Bits: [0x000001f779d60000, 0x000001f77dcb0000)

Polling page: 0x000001f76b7e0000

Metaspace:

Usage:
  Non-class:     66.58 MB used.
      Class:     10.45 MB used.
       Both:     77.03 MB used.

Virtual space:
  Non-class space:      128.00 MB reserved,      67.19 MB ( 52%) committed,  2 nodes.
      Class space:        1.00 GB reserved,      10.88 MB (  1%) committed,  1 nodes.
             Both:        1.12 GB reserved,      78.06 MB (  7%) committed. 

Chunk freelists:
   Non-Class:  12.53 MB
       Class:  5.13 MB
        Both:  17.66 MB

MaxMetaspaceSize: unlimited
CompressedClassSpaceSize: 1.00 GB
Initial GC threshold: 21.00 MB
Current GC threshold: 127.50 MB
CDS: on
 - commit_granule_bytes: 65536.
 - commit_granule_words: 8192.
 - virtual_space_node_default_size: 8388608.
 - enlarge_chunks_in_place: 1.
 - use_allocation_guard: 0.


Internal statistics:

num_allocs_failed_limit: 12.
num_arena_births: 1496.
num_arena_deaths: 542.
num_vsnodes_births: 3.
num_vsnodes_deaths: 0.
num_space_committed: 1249.
num_space_uncommitted: 0.
num_chunks_returned_to_freelist: 626.
num_chunks_taken_from_freelist: 4703.
num_chunk_merges: 144.
num_chunk_splits: 3099.
num_chunks_enlarged: 2400.
num_inconsistent_stats: 0.

CodeCache: size=49152Kb used=20755Kb max_used=21226Kb free=28396Kb
 bounds [0x000001f775d80000, 0x000001f777280000, 0x000001f778d80000]
 total_blobs=10903 nmethods=10176 adapters=649
 compilation: enabled
              stopped_count=0, restarted_count=0
 full_count=0

Compilation events (20 events):
Event: 729.420 Thread 0x000001f7001bef80 13961       1       jdk.internal.reflect.UTF8::utf8Length (81 bytes)
Event: 729.420 Thread 0x000001f7001bef80 nmethod 13961 0x000001f77715a190 code [0x000001f77715a340, 0x000001f77715a580]
Event: 729.420 Thread 0x000001f7001bef80 13962   !   1       jdk.internal.reflect.UTF8::encode (191 bytes)
Event: 729.421 Thread 0x000001f7001bef80 nmethod 13962 0x000001f777159510 code [0x000001f7771596e0, 0x000001f777159ca8]
Event: 729.421 Thread 0x000001f7001bef80 13960       1       jdk.internal.reflect.ClassFileAssembler::emitConstantPoolUTF8 (50 bytes)
Event: 729.421 Thread 0x000001f7001bef80 nmethod 13960 0x000001f777158c90 code [0x000001f777158e80, 0x000001f7771591e8]
Event: 729.421 Thread 0x000001f7001bef80 13963       1       jdk.internal.reflect.ClassFileAssembler::emitShort (24 bytes)
Event: 729.422 Thread 0x000001f7001bef80 nmethod 13963 0x000001f777158790 code [0x000001f777158940, 0x000001f777158b18]
Event: 729.422 Thread 0x000001f7001bef80 13964       1       jdk.internal.reflect.ClassFileAssembler::cpi (22 bytes)
Event: 729.422 Thread 0x000001f7001bef80 nmethod 13964 0x000001f777158390 code [0x000001f777158540, 0x000001f7771586b8]
Event: 729.422 Thread 0x000001f7001bef80 13966       1       jdk.internal.reflect.ByteVectorImpl::get (26 bytes)
Event: 729.422 Thread 0x000001f7001bef80 nmethod 13966 0x000001f777157f90 code [0x000001f777158140, 0x000001f777158290]
Event: 729.422 Thread 0x000001f7001bef80 13959       1       jdk.internal.reflect.ByteVectorImpl::add (38 bytes)
Event: 729.422 Thread 0x000001f7001bef80 nmethod 13959 0x000001f777157b90 code [0x000001f777157d40, 0x000001f777157e90]
Event: 729.422 Thread 0x000001f7001bef80 13967       1       jdk.internal.reflect.ByteVectorImpl::getLength (7 bytes)
Event: 729.422 Thread 0x000001f7001bef80 nmethod 13967 0x000001f777157890 code [0x000001f777157a20, 0x000001f777157ae8]
Event: 729.422 Thread 0x000001f7001bef80 13965       1       jdk.internal.reflect.ClassFileAssembler::getLength (11 bytes)
Event: 729.422 Thread 0x000001f7001bef80 nmethod 13965 0x000001f777157510 code [0x000001f7771576a0, 0x000001f7771577b8]
Event: 729.423 Thread 0x000001f7001bef80 13968       1       jdk.internal.reflect.ClassFileAssembler::incStack (11 bytes)
Event: 729.423 Thread 0x000001f7001bef80 nmethod 13968 0x000001f777157210 code [0x000001f7771573a0, 0x000001f777157480]

GC Heap History (20 events):
Event: 613.717 GC heap after
{Heap after GC invocations=66 (full 23):
 garbage-first heap   total 90112K, used 26441K [0x0000000702c00000, 0x0000000800000000)
  region size 2048K, 0 young (0K), 0 survivors (0K)
 Metaspace       used 76161K, committed 77056K, reserved 1179648K
  class space    used 10403K, committed 10816K, reserved 1048576K
}
Event: 614.266 GC heap before
{Heap before GC invocations=66 (full 23):
 garbage-first heap   total 90112K, used 69449K [0x0000000702c00000, 0x0000000800000000)
  region size 2048K, 22 young (45056K), 0 survivors (0K)
 Metaspace       used 76244K, committed 77120K, reserved 1179648K
  class space    used 10415K, committed 10816K, reserved 1048576K
}
Event: 614.270 GC heap after
{Heap after GC invocations=67 (full 23):
 garbage-first heap   total 90112K, used 32019K [0x0000000702c00000, 0x0000000800000000)
  region size 2048K, 3 young (6144K), 3 survivors (6144K)
 Metaspace       used 76244K, committed 77120K, reserved 1179648K
  class space    used 10415K, committed 10816K, reserved 1048576K
}
Event: 636.585 GC heap before
{Heap before GC invocations=67 (full 23):
 garbage-first heap   total 90112K, used 50451K [0x0000000702c00000, 0x0000000800000000)
  region size 2048K, 13 young (26624K), 3 survivors (6144K)
 Metaspace       used 76409K, committed 77312K, reserved 1179648K
  class space    used 10425K, committed 10816K, reserved 1048576K
}
Event: 636.641 GC heap after
{Heap after GC invocations=68 (full 24):
 garbage-first heap   total 90112K, used 26586K [0x0000000702c00000, 0x0000000800000000)
  region size 2048K, 0 young (0K), 0 survivors (0K)
 Metaspace       used 76406K, committed 77312K, reserved 1179648K
  class space    used 10424K, committed 10816K, reserved 1048576K
}
Event: 637.302 GC heap before
{Heap before GC invocations=68 (full 24):
 garbage-first heap   total 90112K, used 69594K [0x0000000702c00000, 0x0000000800000000)
  region size 2048K, 22 young (45056K), 0 survivors (0K)
 Metaspace       used 76499K, committed 77440K, reserved 1179648K
  class space    used 10438K, committed 10816K, reserved 1048576K
}
Event: 637.307 GC heap after
{Heap after GC invocations=69 (full 24):
 garbage-first heap   total 90112K, used 31755K [0x0000000702c00000, 0x0000000800000000)
  region size 2048K, 3 young (6144K), 3 survivors (6144K)
 Metaspace       used 76499K, committed 77440K, reserved 1179648K
  class space    used 10438K, committed 10816K, reserved 1048576K
}
Event: 655.318 GC heap before
{Heap before GC invocations=69 (full 24):
 garbage-first heap   total 90112K, used 50187K [0x0000000702c00000, 0x0000000800000000)
  region size 2048K, 13 young (26624K), 3 survivors (6144K)
 Metaspace       used 76663K, committed 77632K, reserved 1179648K
  class space    used 10447K, committed 10880K, reserved 1048576K
}
Event: 655.383 GC heap after
{Heap after GC invocations=70 (full 25):
 garbage-first heap   total 90112K, used 26831K [0x0000000702c00000, 0x0000000800000000)
  region size 2048K, 0 young (0K), 0 survivors (0K)
 Metaspace       used 76660K, committed 77632K, reserved 1179648K
  class space    used 10447K, committed 10880K, reserved 1048576K
}
Event: 655.923 GC heap before
{Heap before GC invocations=70 (full 25):
 garbage-first heap   total 90112K, used 69839K [0x0000000702c00000, 0x0000000800000000)
  region size 2048K, 22 young (45056K), 0 survivors (0K)
 Metaspace       used 76758K, committed 77696K, reserved 1179648K
  class space    used 10461K, committed 10880K, reserved 1048576K
}
Event: 655.929 GC heap after
{Heap after GC invocations=71 (full 25):
 garbage-first heap   total 90112K, used 31984K [0x0000000702c00000, 0x0000000800000000)
  region size 2048K, 3 young (6144K), 3 survivors (6144K)
 Metaspace       used 76758K, committed 77696K, reserved 1179648K
  class space    used 10461K, committed 10880K, reserved 1048576K
}
Event: 673.038 GC heap before
{Heap before GC invocations=71 (full 25):
 garbage-first heap   total 90112K, used 50416K [0x0000000702c00000, 0x0000000800000000)
  region size 2048K, 13 young (26624K), 3 survivors (6144K)
 Metaspace       used 77037K, committed 78016K, reserved 1179648K
  class space    used 10476K, committed 10880K, reserved 1048576K
}
Event: 673.099 GC heap after
{Heap after GC invocations=72 (full 26):
 garbage-first heap   total 90112K, used 27102K [0x0000000702c00000, 0x0000000800000000)
  region size 2048K, 0 young (0K), 0 survivors (0K)
 Metaspace       used 77034K, committed 78016K, reserved 1179648K
  class space    used 10476K, committed 10880K, reserved 1048576K
}
Event: 673.761 GC heap before
{Heap before GC invocations=72 (full 26):
 garbage-first heap   total 90112K, used 72158K [0x0000000702c00000, 0x0000000800000000)
  region size 2048K, 23 young (47104K), 0 survivors (0K)
 Metaspace       used 77211K, committed 78272K, reserved 1179648K
  class space    used 10491K, committed 10944K, reserved 1048576K
}
Event: 673.766 GC heap after
{Heap after GC invocations=73 (full 26):
 garbage-first heap   total 90112K, used 31825K [0x0000000702c00000, 0x0000000800000000)
  region size 2048K, 3 young (6144K), 3 survivors (6144K)
 Metaspace       used 77211K, committed 78272K, reserved 1179648K
  class space    used 10491K, committed 10944K, reserved 1048576K
}
Event: 676.452 GC heap before
{Heap before GC invocations=73 (full 26):
 garbage-first heap   total 90112K, used 46161K [0x0000000702c00000, 0x0000000800000000)
  region size 2048K, 11 young (22528K), 3 survivors (6144K)
 Metaspace       used 77278K, committed 78336K, reserved 1179648K
  class space    used 10496K, committed 10944K, reserved 1048576K
}
Event: 676.515 GC heap after
{Heap after GC invocations=74 (full 27):
 garbage-first heap   total 90112K, used 27008K [0x0000000702c00000, 0x0000000800000000)
  region size 2048K, 0 young (0K), 0 survivors (0K)
 Metaspace       used 77275K, committed 78336K, reserved 1179648K
  class space    used 10495K, committed 10944K, reserved 1048576K
}
Event: 677.041 GC heap before
{Heap before GC invocations=74 (full 27):
 garbage-first heap   total 90112K, used 70016K [0x0000000702c00000, 0x0000000800000000)
  region size 2048K, 22 young (45056K), 0 survivors (0K)
 Metaspace       used 77364K, committed 78400K, reserved 1179648K
  class space    used 10506K, committed 10944K, reserved 1048576K
}
Event: 677.046 GC heap after
{Heap after GC invocations=75 (full 27):
 garbage-first heap   total 90112K, used 32115K [0x0000000702c00000, 0x0000000800000000)
  region size 2048K, 3 young (6144K), 3 survivors (6144K)
 Metaspace       used 77364K, committed 78400K, reserved 1179648K
  class space    used 10506K, committed 10944K, reserved 1048576K
}
Event: 729.425 GC heap before
{Heap before GC invocations=75 (full 27):
 garbage-first heap   total 90112K, used 62835K [0x0000000702c00000, 0x0000000800000000)
  region size 2048K, 20 young (40960K), 3 survivors (6144K)
 Metaspace       used 78879K, committed 79936K, reserved 1179648K
  class space    used 10696K, committed 11136K, reserved 1048576K
}

Dll operation events (12 events):
Event: 0.017 Loaded shared library C:\Program Files\Java\jdk-21\bin\java.dll
Event: 0.421 Loaded shared library C:\Program Files\Java\jdk-21\bin\zip.dll
Event: 0.426 Loaded shared library C:\Program Files\Java\jdk-21\bin\instrument.dll
Event: 0.431 Loaded shared library C:\Program Files\Java\jdk-21\bin\net.dll
Event: 0.432 Loaded shared library C:\Program Files\Java\jdk-21\bin\nio.dll
Event: 0.436 Loaded shared library C:\Program Files\Java\jdk-21\bin\zip.dll
Event: 0.594 Loaded shared library C:\Program Files\Java\jdk-21\bin\jimage.dll
Event: 0.655 Loaded shared library C:\Program Files\Java\jdk-21\bin\management.dll
Event: 0.669 Loaded shared library C:\Program Files\Java\jdk-21\bin\management_ext.dll
Event: 0.945 Loaded shared library C:\Program Files\Java\jdk-21\bin\extnet.dll
Event: 0.972 Loaded shared library C:\Program Files\Java\jdk-21\bin\verify.dll
Event: 2.507 Loaded shared library C:\Program Files\Java\jdk-21\bin\sunmscapi.dll

Deoptimization events (20 events):
Event: 729.423 Thread 0x000001f746465320 DEOPT PACKING pc=0x000001f775f647b4 sp=0x00000002e47ff430
Event: 729.423 Thread 0x000001f746465320 DEOPT UNPACKING pc=0x000001f775dd4e42 sp=0x00000002e47fe918 mode 1
Event: 729.424 Thread 0x000001f7003de3a0 DEOPT PACKING pc=0x000001f776b7f0f4 sp=0x00000002e60fd970
Event: 729.424 Thread 0x000001f7003de3a0 DEOPT UNPACKING pc=0x000001f775dd4e42 sp=0x00000002e60fced8 mode 1
Event: 729.424 Thread 0x000001f7003de3a0 DEOPT PACKING pc=0x000001f776b7f0f4 sp=0x00000002e60fd970
Event: 729.424 Thread 0x000001f7003de3a0 DEOPT UNPACKING pc=0x000001f775dd4e42 sp=0x00000002e60fced8 mode 1
Event: 729.424 Thread 0x000001f7003de3a0 DEOPT PACKING pc=0x000001f776b7f0f4 sp=0x00000002e60fd970
Event: 729.424 Thread 0x000001f7003de3a0 DEOPT UNPACKING pc=0x000001f775dd4e42 sp=0x00000002e60fced8 mode 1
Event: 729.424 Thread 0x000001f7003de3a0 DEOPT PACKING pc=0x000001f776b7f0f4 sp=0x00000002e60fd970
Event: 729.424 Thread 0x000001f7003de3a0 DEOPT UNPACKING pc=0x000001f775dd4e42 sp=0x00000002e60fced8 mode 1
Event: 729.424 Thread 0x000001f7003de3a0 DEOPT PACKING pc=0x000001f776b7f0f4 sp=0x00000002e60fd970
Event: 729.424 Thread 0x000001f7003de3a0 DEOPT UNPACKING pc=0x000001f775dd4e42 sp=0x00000002e60fced8 mode 1
Event: 729.424 Thread 0x000001f7003de3a0 DEOPT PACKING pc=0x000001f776b7f0f4 sp=0x00000002e60fd970
Event: 729.424 Thread 0x000001f7003de3a0 DEOPT UNPACKING pc=0x000001f775dd4e42 sp=0x00000002e60fced8 mode 1
Event: 729.424 Thread 0x000001f7003de3a0 DEOPT PACKING pc=0x000001f776b7f0f4 sp=0x00000002e60fd970
Event: 729.424 Thread 0x000001f7003de3a0 DEOPT UNPACKING pc=0x000001f775dd4e42 sp=0x00000002e60fced8 mode 1
Event: 729.424 Thread 0x000001f7003de3a0 DEOPT PACKING pc=0x000001f776b7f0f4 sp=0x00000002e60fd970
Event: 729.424 Thread 0x000001f7003de3a0 DEOPT UNPACKING pc=0x000001f775dd4e42 sp=0x00000002e60fced8 mode 1
Event: 729.424 Thread 0x000001f7003de3a0 DEOPT PACKING pc=0x000001f776b7f0f4 sp=0x00000002e60fd970
Event: 729.424 Thread 0x000001f7003de3a0 DEOPT UNPACKING pc=0x000001f775dd4e42 sp=0x00000002e60fced8 mode 1

Classes loaded (20 events):
Event: 150.362 Loading class java/net/Proxy$Type
Event: 150.362 Loading class java/net/Proxy$Type done
Event: 150.362 Loading class sun/net/spi/DefaultProxySelector$1
Event: 150.362 Loading class sun/net/spi/DefaultProxySelector$1 done
Event: 150.362 Loading class sun/net/spi/DefaultProxySelector$NonProxyInfo
Event: 150.362 Loading class sun/net/spi/DefaultProxySelector$NonProxyInfo done
Event: 150.362 Loading class sun/net/spi/DefaultProxySelector$3
Event: 150.362 Loading class sun/net/spi/DefaultProxySelector$3 done
Event: 150.389 Loading class java/util/WeakHashMap$KeyIterator
Event: 150.389 Loading class java/util/WeakHashMap$KeyIterator done
Event: 150.445 Loading class java/lang/ref/Finalizer$2
Event: 150.445 Loading class java/lang/ref/Finalizer$2 done
Event: 150.445 Loading class java/lang/ref/Finalizer$1
Event: 150.445 Loading class java/lang/ref/Finalizer$1 done
Event: 159.892 Loading class java/util/ArrayList$SubList$1
Event: 159.892 Loading class java/util/ArrayList$SubList$1 done
Event: 231.110 Loading class java/util/concurrent/locks/ReentrantReadWriteLock$Sync$HoldCounter
Event: 231.111 Loading class java/util/concurrent/locks/ReentrantReadWriteLock$Sync$HoldCounter done
Event: 705.884 Loading class jdk/internal/math/FormattedFPDecimal
Event: 705.891 Loading class jdk/internal/math/FormattedFPDecimal done

Classes unloaded (20 events):
Event: 444.311 Thread 0x000001f70018aad0 Unloading class 0x000001f7021f8c00 'java/lang/invoke/LambdaForm$MH+0x000001f7021f8c00'
Event: 444.311 Thread 0x000001f70018aad0 Unloading class 0x000001f7021f9000 'java/lang/invoke/LambdaForm$MH+0x000001f7021f9000'
Event: 444.311 Thread 0x000001f70018aad0 Unloading class 0x000001f702384000 'java/lang/invoke/LambdaForm$MH+0x000001f702384000'
Event: 444.311 Thread 0x000001f70018aad0 Unloading class 0x000001f7023a0000 'java/lang/invoke/LambdaForm$MH+0x000001f7023a0000'
Event: 452.702 Thread 0x000001f70018aad0 Unloading class 0x000001f702a5c000 'org/apache/catalina/loader/JdbcLeakPrevention'
Event: 464.141 Thread 0x000001f70018aad0 Unloading class 0x000001f702384000 'org/apache/catalina/loader/JdbcLeakPrevention'
Event: 492.047 Thread 0x000001f70018aad0 Unloading class 0x000001f702a64800 'org/apache/catalina/loader/JdbcLeakPrevention'
Event: 497.247 Thread 0x000001f70018aad0 Unloading class 0x000001f702a6ac00 'org/apache/catalina/loader/JdbcLeakPrevention'
Event: 542.644 Thread 0x000001f70018aad0 Unloading class 0x000001f702a70800 'org/apache/catalina/loader/JdbcLeakPrevention'
Event: 602.140 Thread 0x000001f70018aad0 Unloading class 0x000001f702a78000 'org/apache/catalina/loader/JdbcLeakPrevention'
Event: 602.140 Thread 0x000001f70018aad0 Unloading class 0x000001f702a6a400 'java/lang/invoke/LambdaForm$MH+0x000001f702a6a400'
Event: 602.140 Thread 0x000001f70018aad0 Unloading class 0x000001f702a6a000 'java/lang/invoke/LambdaForm$BMH+0x000001f702a6a000'
Event: 613.677 Thread 0x000001f70018aad0 Unloading class 0x000001f702a7c800 'org/apache/catalina/loader/JdbcLeakPrevention'
Event: 613.677 Thread 0x000001f70018aad0 Unloading class 0x000001f702a70400 'java/lang/invoke/LambdaForm$MH+0x000001f702a70400'
Event: 613.677 Thread 0x000001f70018aad0 Unloading class 0x000001f702a70000 'java/lang/invoke/LambdaForm$MH+0x000001f702a70000'
Event: 613.677 Thread 0x000001f70018aad0 Unloading class 0x000001f702a6a800 'java/lang/invoke/LambdaForm$MH+0x000001f702a6a800'
Event: 636.605 Thread 0x000001f70018aad0 Unloading class 0x000001f702a84000 'org/apache/catalina/loader/JdbcLeakPrevention'
Event: 655.343 Thread 0x000001f70018aad0 Unloading class 0x000001f702a8c000 'org/apache/catalina/loader/JdbcLeakPrevention'
Event: 673.059 Thread 0x000001f70018aad0 Unloading class 0x000001f702a94800 'org/apache/catalina/loader/JdbcLeakPrevention'
Event: 676.479 Thread 0x000001f70018aad0 Unloading class 0x000001f702a97400 'org/apache/catalina/loader/JdbcLeakPrevention'

Classes redefined (20 events):
Event: 691.089 Thread 0x000001f70018aad0 redefined class name=br.com.tools.challenge.main.ToolsChallengeApplication, count=1
Event: 691.089 Thread 0x000001f70018aad0 redefined class name=br.com.tools.challenge.main.ToolsChallengeApplication, count=1
Event: 691.089 Thread 0x000001f70018aad0 redefined class name=br.com.tools.challenge.main.ToolsChallengeApplication, count=1
Event: 691.089 Thread 0x000001f70018aad0 redefined class name=br.com.tools.challenge.main.ToolsChallengeApplication, count=1
Event: 691.089 Thread 0x000001f70018aad0 redefined class name=br.com.tools.challenge.main.ToolsChallengeApplication, count=1
Event: 691.089 Thread 0x000001f70018aad0 redefined class name=br.com.tools.challenge.main.ToolsChallengeApplication, count=1
Event: 691.089 Thread 0x000001f70018aad0 redefined class name=br.com.tools.challenge.main.ToolsChallengeApplication, count=1
Event: 691.089 Thread 0x000001f70018aad0 redefined class name=br.com.tools.challenge.main.ToolsChallengeApplication, count=1
Event: 691.089 Thread 0x000001f70018aad0 redefined class name=br.com.tools.challenge.main.ToolsChallengeApplication, count=1
Event: 691.089 Thread 0x000001f70018aad0 redefined class name=br.com.tools.challenge.main.ToolsChallengeApplication, count=1
Event: 691.089 Thread 0x000001f70018aad0 redefined class name=br.com.tools.challenge.main.ToolsChallengeApplication, count=1
Event: 691.089 Thread 0x000001f70018aad0 redefined class name=br.com.tools.challenge.main.ToolsChallengeApplication, count=1
Event: 691.089 Thread 0x000001f70018aad0 redefined class name=br.com.tools.challenge.main.ToolsChallengeApplication, count=1
Event: 691.089 Thread 0x000001f70018aad0 redefined class name=br.com.tools.challenge.main.ToolsChallengeApplication, count=1
Event: 691.089 Thread 0x000001f70018aad0 redefined class name=br.com.tools.challenge.main.ToolsChallengeApplication, count=1
Event: 691.089 Thread 0x000001f70018aad0 redefined class name=br.com.tools.challenge.main.ToolsChallengeApplication, count=1
Event: 691.089 Thread 0x000001f70018aad0 redefined class name=br.com.tools.challenge.main.ToolsChallengeApplication, count=1
Event: 691.089 Thread 0x000001f70018aad0 redefined class name=br.com.tools.challenge.main.ToolsChallengeApplication, count=1
Event: 691.089 Thread 0x000001f70018aad0 redefined class name=br.com.tools.challenge.main.ToolsChallengeApplication, count=1
Event: 691.089 Thread 0x000001f70018aad0 redefined class name=br.com.tools.challenge.main.ToolsChallengeApplication, count=1

Internal exceptions (20 events):
Event: 673.524 Thread 0x000001f746876370 Exception <a 'java/lang/NoClassDefFoundError'{0x0000000706a80408}: liquibase/integration/spring/SpringLiquibase> (0x0000000706a80408) 
thrown [s\open\src\hotspot\share\oops\constantPool.cpp, line 873]
Event: 673.528 Thread 0x000001f746876370 Exception <a 'java/lang/NoClassDefFoundError'{0x0000000706aae898}: org/jooq/DSLContext> (0x0000000706aae898) 
thrown [s\open\src\hotspot\share\oops\constantPool.cpp, line 873]
Event: 673.532 Thread 0x000001f746876370 Exception <a 'java/lang/NoClassDefFoundError'{0x0000000706aea670}: org/springframework/batch/core/repository/JobRepository> (0x0000000706aea670) 
thrown [s\open\src\hotspot\share\oops\constantPool.cpp, line 873]
Event: 673.533 Thread 0x000001f746876370 Exception <a 'java/lang/NoClassDefFoundError'{0x0000000706aeacc8}: org/quartz/Scheduler> (0x0000000706aeacc8) 
thrown [s\open\src\hotspot\share\oops\constantPool.cpp, line 873]
Event: 673.534 Thread 0x000001f746876370 Exception <a 'java/lang/NoClassDefFoundError'{0x0000000706aeb348}: org/springframework/session/jdbc/JdbcIndexedSessionRepository> (0x0000000706aeb348) 
thrown [s\open\src\hotspot\share\oops\constantPool.cpp, line 873]
Event: 673.599 Thread 0x000001f746876370 Exception <a 'java/io/FileNotFoundException'{0x0000000706473610}> (0x0000000706473610) 
thrown [s\open\src\hotspot\share\prims\jni.cpp, line 520]
Event: 673.623 Thread 0x000001f746876370 Exception <a 'java/io/FileNotFoundException'{0x000000070625baf0}> (0x000000070625baf0) 
thrown [s\open\src\hotspot\share\prims\jni.cpp, line 520]
Event: 676.452 Thread 0x000001f746875ce0 Exception <a 'java/lang/InterruptedException'{0x0000000707513668}: sleep interrupted> (0x0000000707513668) 
thrown [s\open\src\hotspot\share\prims\jvm.cpp, line 3074]
Event: 676.532 Thread 0x000001f746462bc0 Exception <a 'sun/nio/fs/WindowsException'{0x000000070828e550}> (0x000000070828e550) 
thrown [s\open\src\hotspot\share\prims\jni.cpp, line 520]
Event: 676.846 Thread 0x000001f746462bc0 Exception <a 'java/lang/NoClassDefFoundError'{0x0000000706a8c1e0}: org/flywaydb/core/Flyway> (0x0000000706a8c1e0) 
thrown [s\open\src\hotspot\share\oops\constantPool.cpp, line 873]
Event: 676.847 Thread 0x000001f746462bc0 Exception <a 'java/lang/NoClassDefFoundError'{0x0000000706a8c840}: liquibase/integration/spring/SpringLiquibase> (0x0000000706a8c840) 
thrown [s\open\src\hotspot\share\oops\constantPool.cpp, line 873]
Event: 676.850 Thread 0x000001f746462bc0 Exception <a 'java/lang/NoClassDefFoundError'{0x0000000706abacb8}: org/jooq/DSLContext> (0x0000000706abacb8) 
thrown [s\open\src\hotspot\share\oops\constantPool.cpp, line 873]
Event: 676.853 Thread 0x000001f746462bc0 Exception <a 'java/lang/NoClassDefFoundError'{0x0000000706af6518}: org/springframework/batch/core/repository/JobRepository> (0x0000000706af6518) 
thrown [s\open\src\hotspot\share\oops\constantPool.cpp, line 873]
Event: 676.854 Thread 0x000001f746462bc0 Exception <a 'java/lang/NoClassDefFoundError'{0x0000000706af6b70}: org/quartz/Scheduler> (0x0000000706af6b70) 
thrown [s\open\src\hotspot\share\oops\constantPool.cpp, line 873]
Event: 676.854 Thread 0x000001f746462bc0 Exception <a 'java/lang/NoClassDefFoundError'{0x0000000706af71f0}: org/springframework/session/jdbc/JdbcIndexedSessionRepository> (0x0000000706af71f0) 
thrown [s\open\src\hotspot\share\oops\constantPool.cpp, line 873]
Event: 676.899 Thread 0x000001f746462bc0 Exception <a 'java/io/FileNotFoundException'{0x000000070648bf20}> (0x000000070648bf20) 
thrown [s\open\src\hotspot\share\prims\jni.cpp, line 520]
Event: 676.925 Thread 0x000001f746462bc0 Exception <a 'java/io/FileNotFoundException'{0x0000000706273f38}> (0x0000000706273f38) 
thrown [s\open\src\hotspot\share\prims\jni.cpp, line 520]
Event: 681.774 Thread 0x000001f7464666d0 Exception <a 'java/lang/NoSuchMethodError'{0x00000007073ae7d0}: 'long java.lang.invoke.DelegatingMethodHandle$Holder.reinvoke_L(java.lang.Object, java.lang.Object)'> (0x00000007073ae7d0) 
thrown [s\open\src\hotspot\share\interpreter\linkResolver.cpp, line 773]
Event: 701.706 Thread 0x000001f7464666d0 Exception <a 'java/lang/NoSuchMethodError'{0x0000000706cdc320}: 'void java.lang.invoke.DirectMethodHandle$Holder.invokeSpecialIFC(java.lang.Object, java.lang.Object, int, java.lang.Object, java.lang.Object, java.lang.Object, java.lang.Object)'> (0x0000000706cdc320) 
thrown [s\open\src\hotspot\share\interpreter\linkResolver.cpp, line 773]
Event: 729.423 Thread 0x000001f746465320 Exception <a 'java/lang/InterruptedException'{0x000000070632afb8}: sleep interrupted> (0x000000070632afb8) 
thrown [s\open\src\hotspot\share\prims\jvm.cpp, line 3074]

ZGC Phase Switch (0 events):
No events

VM Operations (20 events):
Event: 724.036 Executing VM operation: get/set locals done
Event: 724.037 Executing VM operation: get/set locals
Event: 724.037 Executing VM operation: get/set locals done
Event: 724.038 Executing VM operation: get/set locals
Event: 724.038 Executing VM operation: get/set locals done
Event: 724.039 Executing VM operation: get/set locals
Event: 724.039 Executing VM operation: get/set locals done
Event: 724.039 Executing VM operation: get/set locals
Event: 724.039 Executing VM operation: get/set locals done
Event: 724.054 Executing VM operation: get/set locals
Event: 724.054 Executing VM operation: get/set locals done
Event: 724.055 Executing VM operation: get/set locals
Event: 724.055 Executing VM operation: get/set locals done
Event: 725.886 Executing VM operation: ChangeSingleStep
Event: 725.886 Executing VM operation: ChangeSingleStep done
Event: 725.886 Executing VM operation: ChangeSingleStep
Event: 725.886 Executing VM operation: ChangeSingleStep done
Event: 727.899 Executing VM operation: Cleanup
Event: 727.899 Executing VM operation: Cleanup done
Event: 729.424 Executing VM operation: G1CollectFull (System.gc())

Events (20 events):
Event: 692.042 Thread 0x000001f746879e80 Thread added: 0x000001f746879e80
Event: 692.042 Thread 0x000001f746464c90 Thread exited: 0x000001f746464c90
Event: 692.044 Thread 0x000001f746875650 Thread added: 0x000001f746875650
Event: 692.071 Thread 0x000001f746877720 Thread exited: 0x000001f746877720
Event: 722.094 Thread 0x000001f746875ce0 Thread exited: 0x000001f746875ce0
Event: 722.095 Thread 0x000001f746463f70 Thread exited: 0x000001f746463f70
Event: 722.095 Thread 0x000001f746877db0 Thread exited: 0x000001f746877db0
Event: 722.096 Thread 0x000001f746462530 Thread exited: 0x000001f746462530
Event: 722.096 Thread 0x000001f746460460 Thread exited: 0x000001f746460460
Event: 722.096 Thread 0x000001f746461810 Thread exited: 0x000001f746461810
Event: 722.097 Thread 0x000001f7464659b0 Thread exited: 0x000001f7464659b0
Event: 722.097 Thread 0x000001f746466d60 Thread exited: 0x000001f746466d60
Event: 722.097 Thread 0x000001f746460af0 Thread exited: 0x000001f746460af0
Event: 722.098 Thread 0x000001f746464600 Thread exited: 0x000001f746464600
Event: 722.130 Thread 0x000001f746875650 Thread exited: 0x000001f746875650
Event: 727.113 Thread 0x000001f746877720 Thread added: 0x000001f746877720
Event: 727.114 Thread 0x000001f74645f740 Thread exited: 0x000001f74645f740
Event: 727.117 Thread 0x000001f746877720 Thread exited: 0x000001f746877720
Event: 729.417 Thread 0x000001f746875650 Thread added: 0x000001f746875650
Event: 729.423 Thread 0x000001f746465320 Thread exited: 0x000001f746465320


Dynamic libraries:
0x00007ff7abea0000 - 0x00007ff7abeb0000 	C:\Program Files\Java\jdk-21\bin\javaw.exe
0x00007ffa4a610000 - 0x00007ffa4a808000 	C:\Windows\SYSTEM32\ntdll.dll
0x00007ffa04870000 - 0x00007ffa04890000 	C:\Program Files\Norton\Suite\aswhook.dll
0x00007ffa48820000 - 0x00007ffa488e2000 	C:\Windows\System32\KERNEL32.DLL
0x00007ffa47d40000 - 0x00007ffa48036000 	C:\Windows\System32\KERNELBASE.dll
0x00007ffa48210000 - 0x00007ffa48310000 	C:\Windows\System32\ucrtbase.dll
0x00007ffa3d480000 - 0x00007ffa3d499000 	C:\Program Files\Java\jdk-21\bin\jli.dll
0x00007ffa43600000 - 0x00007ffa4361b000 	C:\Program Files\Java\jdk-21\bin\VCRUNTIME140.dll
0x00007ffa49a50000 - 0x00007ffa49b01000 	C:\Windows\System32\ADVAPI32.dll
0x00007ffa49770000 - 0x00007ffa4980e000 	C:\Windows\System32\msvcrt.dll
0x00007ffa48a20000 - 0x00007ffa48abf000 	C:\Windows\System32\sechost.dll
0x00007ffa49d50000 - 0x00007ffa49e70000 	C:\Windows\System32\RPCRT4.dll
0x00007ffa48340000 - 0x00007ffa48367000 	C:\Windows\System32\bcrypt.dll
0x00007ffa49bb0000 - 0x00007ffa49d4d000 	C:\Windows\System32\USER32.dll
0x00007ffa48310000 - 0x00007ffa48332000 	C:\Windows\System32\win32u.dll
0x00007ffa49fa0000 - 0x00007ffa49fcb000 	C:\Windows\System32\GDI32.dll
0x00007ffa48040000 - 0x00007ffa48159000 	C:\Windows\System32\gdi32full.dll
0x00007ffa34930000 - 0x00007ffa34bcb000 	C:\Windows\WinSxS\amd64_microsoft.windows.common-controls_6595b64144ccf1df_6.0.19041.6280_none_60bc30a171f2f3f3\COMCTL32.dll
0x00007ffa485a0000 - 0x00007ffa4863d000 	C:\Windows\System32\msvcp_win.dll
0x00007ffa41e10000 - 0x00007ffa41e1a000 	C:\Windows\SYSTEM32\VERSION.dll
0x00007ffa49fd0000 - 0x00007ffa49fff000 	C:\Windows\System32\IMM32.DLL
0x00007ffa42480000 - 0x00007ffa4248c000 	C:\Program Files\Java\jdk-21\bin\vcruntime140_1.dll
0x00007ffa32fb0000 - 0x00007ffa3303e000 	C:\Program Files\Java\jdk-21\bin\msvcp140.dll
0x00007ff9e1050000 - 0x00007ff9e1d63000 	C:\Program Files\Java\jdk-21\bin\server\jvm.dll
0x00007ffa49230000 - 0x00007ffa4929b000 	C:\Windows\System32\WS2_32.dll
0x00007ffa47240000 - 0x00007ffa4728b000 	C:\Windows\SYSTEM32\POWRPROF.dll
0x00007ffa37900000 - 0x00007ffa37927000 	C:\Windows\SYSTEM32\WINMM.dll
0x00007ffa470b0000 - 0x00007ffa470c2000 	C:\Windows\SYSTEM32\UMPDC.dll
0x00007ffa464d0000 - 0x00007ffa464e2000 	C:\Windows\SYSTEM32\kernel.appcore.dll
0x00007ffa422f0000 - 0x00007ffa422fa000 	C:\Program Files\Java\jdk-21\bin\jimage.dll
0x00007ffa45a00000 - 0x00007ffa45c01000 	C:\Windows\SYSTEM32\DBGHELP.DLL
0x00007ffa40ab0000 - 0x00007ffa40ae4000 	C:\Windows\SYSTEM32\dbgcore.DLL
0x00007ffa47cb0000 - 0x00007ffa47d32000 	C:\Windows\System32\bcryptPrimitives.dll
0x00007ffa3c930000 - 0x00007ffa3c96c000 	C:\Program Files\Java\jdk-21\bin\jdwp.dll
0x00007ffa3f680000 - 0x00007ffa3f68f000 	C:\Program Files\Java\jdk-21\bin\instrument.dll
0x00007ffa3d460000 - 0x00007ffa3d47f000 	C:\Program Files\Java\jdk-21\bin\java.dll
0x00007ffa48ac0000 - 0x00007ffa49230000 	C:\Windows\System32\SHELL32.dll
0x00007ffa45d10000 - 0x00007ffa464b5000 	C:\Windows\SYSTEM32\windows.storage.dll
0x00007ffa4a0c0000 - 0x00007ffa4a413000 	C:\Windows\System32\combase.dll
0x00007ffa476e0000 - 0x00007ffa4770b000 	C:\Windows\SYSTEM32\Wldp.dll
0x00007ffa4a420000 - 0x00007ffa4a4ed000 	C:\Windows\System32\OLEAUT32.dll
0x00007ffa499a0000 - 0x00007ffa49a4d000 	C:\Windows\System32\SHCORE.dll
0x00007ffa4a060000 - 0x00007ffa4a0bb000 	C:\Windows\System32\shlwapi.dll
0x00007ffa47be0000 - 0x00007ffa47c04000 	C:\Windows\SYSTEM32\profapi.dll
0x00007ffa3dfd0000 - 0x00007ffa3dfdc000 	C:\Program Files\Java\jdk-21\bin\dt_socket.dll
0x00007ffa470d0000 - 0x00007ffa4710b000 	C:\Windows\SYSTEM32\IPHLPAPI.DLL
0x00007ffa47440000 - 0x00007ffa474aa000 	C:\Windows\system32\mswsock.dll
0x00007ffa47120000 - 0x00007ffa471ea000 	C:\Windows\SYSTEM32\DNSAPI.dll
0x00007ffa49ba0000 - 0x00007ffa49ba8000 	C:\Windows\System32\NSI.dll
0x00007ffa2de90000 - 0x00007ffa2de9a000 	C:\Windows\System32\rasadhlp.dll
0x00007ffa2dac0000 - 0x00007ffa2db40000 	C:\Windows\System32\fwpuclnt.dll
0x00007ffa3d3c0000 - 0x00007ffa3d3d8000 	C:\Program Files\Java\jdk-21\bin\zip.dll
0x00007ffa3d450000 - 0x00007ffa3d460000 	C:\Program Files\Java\jdk-21\bin\net.dll
0x00007ffa3fc40000 - 0x00007ffa3fd4a000 	C:\Windows\SYSTEM32\WINHTTP.dll
0x00007ffa3ca30000 - 0x00007ffa3ca46000 	C:\Program Files\Java\jdk-21\bin\nio.dll
0x00007ffa3d390000 - 0x00007ffa3d39a000 	C:\Program Files\Java\jdk-21\bin\management.dll
0x00007ffa3d150000 - 0x00007ffa3d15b000 	C:\Program Files\Java\jdk-21\bin\management_ext.dll
0x00007ffa487f0000 - 0x00007ffa487f8000 	C:\Windows\System32\PSAPI.DLL
0x00007ffa23270000 - 0x00007ffa23287000 	C:\Windows\system32\napinsp.dll
0x00007ffa23250000 - 0x00007ffa2326b000 	C:\Windows\system32\pnrpnsp.dll
0x00007ffa23230000 - 0x00007ffa2324d000 	C:\Windows\system32\wshbth.dll
0x00007ffa42220000 - 0x00007ffa4223d000 	C:\Windows\system32\NLAapi.dll
0x00007ffa23210000 - 0x00007ffa23222000 	C:\Windows\System32\winrnr.dll
0x00007ffa47640000 - 0x00007ffa47658000 	C:\Windows\SYSTEM32\CRYPTSP.dll
0x00007ffa46cf0000 - 0x00007ffa46d28000 	C:\Windows\system32\rsaenh.dll
0x00007ffa47ba0000 - 0x00007ffa47bce000 	C:\Windows\SYSTEM32\USERENV.dll
0x00007ffa47630000 - 0x00007ffa4763c000 	C:\Windows\SYSTEM32\CRYPTBASE.dll
0x00007ffa3ca20000 - 0x00007ffa3ca29000 	C:\Program Files\Java\jdk-21\bin\extnet.dll
0x00007ffa3c920000 - 0x00007ffa3c930000 	C:\Program Files\Java\jdk-21\bin\verify.dll
0x00007ffa368d0000 - 0x00007ffa368de000 	C:\Program Files\Java\jdk-21\bin\sunmscapi.dll
0x00007ffa483c0000 - 0x00007ffa4851d000 	C:\Windows\System32\CRYPT32.dll
0x00007ffa47750000 - 0x00007ffa47777000 	C:\Windows\SYSTEM32\ncrypt.dll
0x00007ffa47710000 - 0x00007ffa4774b000 	C:\Windows\SYSTEM32\NTASN1.dll
0x00007ffa04440000 - 0x00007ffa04447000 	C:\Windows\system32\wshunix.dll

dbghelp: loaded successfully - version: 4.0.5 - missing functions: none
symbol engine: initialized successfully - sym options: 0x614 - pdb path: .;C:\Program Files\Java\jdk-21\bin;C:\Windows\SYSTEM32;C:\Program Files\Norton\Suite;C:\Windows\WinSxS\amd64_microsoft.windows.common-controls_6595b64144ccf1df_6.0.19041.6280_none_60bc30a171f2f3f3;C:\Program Files\Java\jdk-21\bin\server

VM Arguments:
jvm_args: -XX:+ShowCodeDetailsInExceptionMessages -agentlib:jdwp=transport=dt_socket,suspend=y,address=localhost:52565 -Dcom.sun.management.jmxremote -Dcom.sun.management.jmxremote.port=52563 -Dcom.sun.management.jmxremote.authenticate=false -Dcom.sun.management.jmxremote.ssl=false -Djava.rmi.server.hostname=localhost -Dspring.jmx.enabled=true -Dmanagement.endpoints.jmx.exposure.include=* -Dspring.application.admin.enabled=true -Dspring.output.ansi.enabled=always -XX:TieredStopAtLevel=1 -Dspring.boot.project.name=ToolsChallenge -javaagent:D:\estudo\sts-4.30.0.RELEASE\configuration\org.eclipse.osgi\270\0\.cp\lib\javaagent-shaded.jar -Dfile.encoding=UTF-8 -Dstdout.encoding=UTF-8 -Dstderr.encoding=UTF-8 
java_command: br.com.tools.challenge.main.ToolsChallengeApplication
java_class_path (initial): D:\estudo\workspace_estudo_novo\ToolsChallenge\target\classes;C:\Users\Thiago\.m2\repository\org\springframework\boot\spring-boot-starter-data-jpa\3.5.6-SNAPSHOT\spring-boot-starter-data-jpa-3.5.6-SNAPSHOT.jar;C:\Users\Thiago\.m2\repository\org\springframework\boot\spring-boot-starter\3.5.6-SNAPSHOT\spring-boot-starter-3.5.6-SNAPSHOT.jar;C:\Users\Thiago\.m2\repository\org\springframework\boot\spring-boot-starter-logging\3.5.6-SNAPSHOT\spring-boot-starter-logging-3.5.6-SNAPSHOT.jar;C:\Users\Thiago\.m2\repository\ch\qos\logback\logback-classic\1.5.18\logback-classic-1.5.18.jar;C:\Users\Thiago\.m2\repository\ch\qos\logback\logback-core\1.5.18\logback-core-1.5.18.jar;C:\Users\Thiago\.m2\repository\org\apache\logging\log4j\log4j-to-slf4j\2.24.3\log4j-to-slf4j-2.24.3.jar;C:\Users\Thiago\.m2\repository\org\apache\logging\log4j\log4j-api\2.24.3\log4j-api-2.24.3.jar;C:\Users\Thiago\.m2\repository\org\slf4j\jul-to-slf4j\2.0.17\jul-to-slf4j-2.0.17.jar;C:\Users\Thiago\.m2\repository\jakarta\annotation\jakarta.annotation-api\2.1.1\jakarta.annotation-api-2.1.1.jar;C:\Users\Thiago\.m2\repository\org\yaml\snakeyaml\2.4\snakeyaml-2.4.jar;C:\Users\Thiago\.m2\repository\org\springframework\boot\spring-boot-starter-jdbc\3.5.6-SNAPSHOT\spring-boot-starter-jdbc-3.5.6-SNAPSHOT.jar;C:\Users\Thiago\.m2\repository\com\zaxxer\HikariCP\6.3.3\HikariCP-6.3.3.jar;C:\Users\Thiago\.m2\repository\org\springframework\spring-jdbc\6.2.11\spring-jdbc-6.2.11.jar;C:\Users\Thiago\.m2\repository\org\hibernate\orm\hibernate-core\6.6.28.Final\hibernate-core-6.6.28.Final.jar;C:\Users\Thiago\.m2\repository\jakarta\persistence\jakarta.persistence-api\3.1.0\jakarta.persistence-api-3.1.0.jar;C:\Users\Thiago\.m2\repository\jakarta\transaction\jakarta.transaction-api\2.0.1\jakarta.transaction-api-2.0.1.jar;C:\Users\Thiago\.m2\repository\org\jboss\logging\jboss-logging\3.6.1.Final\jboss-logging-3.6.1.Final.jar;C:\Users\Thiago\.m2\repository\org\hibernate\common\hibernate-commons-annotations\7.0.3.Final\hibernate-commons-annotations-7.0.3.Final.jar;C:\Users\Thiago\.m2\repository\io\smallrye\jandex\3.2.0\jandex-3.2.0.jar;C:\Users\Thiago\.m2\repository\com\fasterxml\classmate\1.7.0\classmate-1.7.0.jar;C:\Users\Thiago\.m2\repository\net\bytebuddy\byte-buddy\1.17.7\byte-buddy-1.17.7.jar;C:\Users\Thiago\.m2\repository\org\glassfish\jaxb\jaxb-runtime\4.0.5\jaxb-runtime-4.0.5.jar;C:\Users\Thiago\.m2\repository\org\glassfish\jaxb\jaxb-core\4.0.5\jaxb-core-4.0.5.jar;C:\Users\Thiago\.m2\repository\org\eclipse\angus\angus-activation\2.0.2\angus-activation-2.0.2.jar;C:\Users\Thiago\.m2\repository\org\glassfish\jaxb\txw2\4.0.5\txw2-4.0.5.jar;C:\Users\Thiago\.m2\repository\com\sun\istack\istack-commons-runtime\4.1.2\istack-commons-runtime-4.1.2.jar;C:\Users\Thiago\.m2\repository\jakarta\inject\jakarta.inject-api\2.0.1\jakarta.inject-api-2.0.1.jar;C:\Users\Thiago\.m2\repository\org\antlr\antlr4-runtime\4.13.0\antlr4-runtime-4.13.0.jar;C:\Users\Thiago\.m2\repository\org\springframework\data\spring-data-jpa\3.5.4\spring-data-jpa-3.5.4.jar;C:\Users\Thiago\.m2\repository\org\springframework\data\spring-data-commons\3.5.4\spring-data-commons-3.5.4.jar;C:\Users\Thiago\.m2\repository\org\springframework\spring-orm\6.2.11\spring-orm-6.2.11.jar;C:\Users\Thiago\.m2\repository\org\springframework\spring-context\6.2.11\spring-context-6.2.11.jar;C:\Users\Thiago\.m2\repository\org\springframework\spring-aop\6.2.11\spring-aop-6.2.11.jar;C:\Users\Thiago\.m2\repository\org\springframework\spring-tx\6.2.11\spring-tx-6.2.11.jar;C:\Users\Thiago\.m2\repository\org\springframework\spring-beans\6.2.11\spring-beans-6.2.11.jar;C:\Users\Thiago\.m2\repository\org\slf4j\slf4j-api\2.0.17\slf4j-api-2.0.17.jar;C:\Users\Thiago\.m2\repository\org\springframework\spring-aspects\6.2.11\spring-aspects-6.2.11.jar;C:\Users\Thiago\.m2\repository\org\aspectj\aspectjweaver\1.9.24\aspectjweaver-1.9.24.jar;C:\Users\Thiago\.m2\repository\org\springframework\boot\spring-boot-starter-validation\3.5.6-SNAPSHOT\spring-boot-starter-validation-3.5.6-SNAPSHOT.jar;C:\Users\Thiago\.m2\repository\org\apache\tomcat\embed\tomcat-embed-el\10.1.46\tomcat-embed-el-10.1.46.jar;C:\Users\Thiago\.m2\repository\org\hibernate\validator\hibernate-validator\8.0.3.Final\hibernate-validator-8.0.3.Final.jar;C:\Users\Thiago\.m2\repository\jakarta\validation\jakarta.validation-api\3.0.2\jakarta.validation-api-3.0.2.jar;C:\Users\Thiago\.m2\repository\org\springframework\boot\spring-boot-starter-web\3.5.6-SNAPSHOT\spring-boot-starter-web-3.5.6-SNAPSHOT.jar;C:\Users\Thiago\.m2\repository\org\springframework\boot\spring-boot-starter-json\3.5.6-SNAPSHOT\spring-boot-starter-json-3.5.6-SNAPSHOT.jar;C:\Users\Thiago\.m2\repository\com\fasterxml\jackson\core\jackson-databind\2.19.2\jackson-databind-2.19.2.jar;C:\Users\Thiago\.m2\repository\com\fasterxml\jackson\core\jackson-annotations\2.19.2\jackson-annotations-2.19.2.jar;C:\Users\Thiago\.m2\repository\com\fasterxml\jackson\core\jackson-core\2.19.2\jackson-core-2.19.2.jar;C:\Users\Thiago\.m2\repository\com\fasterxml\jackson\datatype\jackson-datatype-jdk8\2.19.2\jackson-datatype-jdk8-2.19.2.jar;C:\Users\Thiago\.m2\repository\com\fasterxml\jackson\datatype\jackson-datatype-jsr310\2.19.2\jackson-datatype-jsr310-2.19.2.jar;C:\Users\Thiago\.m2\repository\com\fasterxml\jackson\module\jackson-module-parameter-names\2.19.2\jackson-module-parameter-names-2.19.2.jar;C:\Users\Thiago\.m2\repository\org\springframework\boot\spring-boot-starter-tomcat\3.5.6-SNAPSHOT\spring-boot-starter-tomcat-3.5.6-SNAPSHOT.jar;C:\Users\Thiago\.m2\repository\org\apache\tomcat\embed\tomcat-embed-core\10.1.46\tomcat-embed-core-10.1.46.jar;C:\Users\Thiago\.m2\repository\org\apache\tomcat\embed\tomcat-embed-websocket\10.1.46\tomcat-embed-websocket-10.1.46.jar;C:\Users\Thiago\.m2\repository\org\springframework\spring-web\6.2.11\spring-web-6.2.11.jar;C:\Users\Thiago\.m2\repository\io\micrometer\micrometer-observation\1.15.4\micrometer-observation-1.15.4.jar;C:\Users\Thiago\.m2\repository\io\micrometer\micrometer-commons\1.15.4\micrometer-commons-1.15.4.jar;C:\Users\Thiago\.m2\repository\org\springframework\spring-webmvc\6.2.11\spring-webmvc-6.2.11.jar;C:\Users\Thiago\.m2\repository\org\springframework\spring-expression\6.2.11\spring-expression-6.2.11.jar;C:\Users\Thiago\.m2\repository\org\springframework\boot\spring-boot-devtools\3.5.6-SNAPSHOT\spring-boot-devtools-3.5.6-SNAPSHOT.jar;C:\Users\Thiago\.m2\repository\org\springframework\boot\spring-boot\3.5.6-SNAPSHOT\spring-boot-3.5.6-SNAPSHOT.jar;C:\Users\Thiago\.m2\repository\org\springframework\boot\spring-boot-autoconfigure\3.5.6-SNAPSHOT\spring-boot-autoconfigure-3.5.6-SNAPSHOT.jar;C:\Users\Thiago\.m2\repository\com\h2database\h2\2.3.232\h2-2.3.232.jar;C:\Users\Thiago\.m2\repository\jakarta\xml\bind\jakarta.xml.bind-api\4.0.2\jakarta.xml.bind-api-4.0.2.jar;C:\Users\Thiago\.m2\repository\jakarta\activation\jakarta.activation-api\2.1.4\jakarta.activation-api-2.1.4.jar;C:\Users\Thiago\.m2\repository\org\springframework\spring-core\6.2.11\spring-core-6.2.11.jar;C:\Users\Thiago\.m2\repository\org\springframework\spring-jcl\6.2.11\spring-jcl-6.2.11.jar
Launcher Type: SUN_STANDARD

[Global flags]
     intx CICompilerCount                          = 3                                         {product} {ergonomic}
     uint ConcGCThreads                            = 1                                         {product} {ergonomic}
     uint G1ConcRefinementThreads                  = 4                                         {product} {ergonomic}
   size_t G1HeapRegionSize                         = 2097152                                   {product} {ergonomic}
    uintx GCDrainStackTargetSize                   = 64                                        {product} {ergonomic}
   size_t InitialHeapSize                          = 266338304                                 {product} {ergonomic}
     bool ManagementServer                         = true                                      {product} {command line}
   size_t MarkStackSize                            = 4194304                                   {product} {ergonomic}
   size_t MaxHeapSize                              = 4248829952                                {product} {ergonomic}
   size_t MaxNewSize                               = 2548039680                                {product} {ergonomic}
   size_t MinHeapDeltaBytes                        = 2097152                                   {product} {ergonomic}
   size_t MinHeapSize                              = 8388608                                   {product} {ergonomic}
    uintx NonNMethodCodeHeapSize                   = 4096                                   {pd product} {ergonomic}
    uintx NonProfiledCodeHeapSize                  = 0                                      {pd product} {ergonomic}
     bool ProfileInterpreter                       = false                                  {pd product} {command line}
    uintx ProfiledCodeHeapSize                     = 0                                      {pd product} {ergonomic}
     bool ShowCodeDetailsInExceptionMessages       = true                                   {manageable} {command line}
   size_t SoftMaxHeapSize                          = 4248829952                             {manageable} {ergonomic}
     intx TieredStopAtLevel                        = 1                                         {product} {command line}
     bool UseCompressedOops                        = true                           {product lp64_product} {ergonomic}
     bool UseG1GC                                  = true                                      {product} {ergonomic}
     bool UseLargePagesIndividualAllocation        = false                                  {pd product} {ergonomic}

Logging:
Log output configuration:
 #0: stdout all=warning uptime,level,tags foldmultilines=false
 #1: stderr all=off uptime,level,tags foldmultilines=false

Environment Variables:
JAVA_HOME=C:\Program Files\Microsoft\jdk-17.0.8.7-hotspot\
PATH=D:/estudo/sts-4.30.0.RELEASE//plugins/org.eclipse.justj.openjdk.hotspot.jre.full.win32.x86_64_21.0.6.v20250130-0529/jre/bin/server;D:/estudo/sts-4.30.0.RELEASE//plugins/org.eclipse.justj.openjdk.hotspot.jre.full.win32.x86_64_21.0.6.v20250130-0529/jre/bin;C:\Program Files\Common Files\Oracle\Java\javapath;C:\Program Files (x86)\Common Files\Oracle\Java\javapath;C:\Program Files\Microsoft\jdk-17.0.8.7-hotspot\bin;C:\Windows\system32;C:\Windows;C:\Windows\System32\Wbem;C:\Windows\System32\WindowsPowerShell\v1.0\;C:\Windows\System32\OpenSSH\;C:\Program Files\dotnet\;C:\Program Files (x86)\Intel\Intel(R) Management Engine Components\DAL;C:\Program Files\Intel\Intel(R) Management Engine Components\DAL;C:\Program Files\PuTTY\;C:\Program Files\NVIDIA Corporation\NVIDIA NvDLISR;C:\Program Files (x86)\NVIDIA Corporation\PhysX\Common;C:\ProgramData\chocolatey\bin;C:\Program Files\nodejs\;C:\Program Files\Git\cmd;C:\Users\Thiago\Documents\apache-maven-3.9.11\bin;D:\Scripts\;D:\;C:\Users\Thiago\AppData\Local\Programs\Python\Launcher\;C:\Program Files\MySQL\MySQL Shell 8.0\bin\;C:\Users\Thiago\AppData\Local\Microsoft\WindowsApps;D:\Microsoft VS Code\bin;C:\Users\Thiago\AppData\Roaming\npm;C:\Users\Thiago\AppData\Local\Android\Sdk\platform-tools;;D:\estudo\sts-4.30.0.RELEASE;
USERNAME=Thiago
OS=Windows_NT
PROCESSOR_IDENTIFIER=Intel64 Family 6 Model 142 Stepping 9, GenuineIntel
TMP=C:\Users\Thiago\AppData\Local\Temp
TEMP=C:\Users\Thiago\AppData\Local\Temp




Periodic native trim disabled

---------------  S Y S T E M  ---------------

OS:
 Windows 10 , 64 bit Build 19041 (10.0.19041.5915)
OS uptime: 4 days 13:15 hours

CPU: total 4 (initial active 4) (2 cores per cpu, 2 threads per core) family 6 model 142 stepping 9 microcode 0xde, cx8, cmov, fxsr, ht, mmx, 3dnowpref, sse, sse2, sse3, ssse3, sse4.1, sse4.2, popcnt, lzcnt, tsc, tscinvbit, avx, avx2, aes, erms, clmul, bmi1, bmi2, adx, fma, vzeroupper, clflush, clflushopt, rdtscp, f16c
Processor Information for all 4 processors :
  Max Mhz: 2901, Current Mhz: 2900, Mhz Limit: 2871

Memory: 4k page, system-wide physical 16201M (2993M free)
TotalPageFile size 24207M (AvailPageFile size 3289M)
current process WorkingSet (physical memory assigned to process): 279M, peak: 279M
current process commit charge ("private bytes"): 319M, peak: 374M

vm_info: Java HotSpot(TM) 64-Bit Server VM (21.0.4+8-LTS-274) for windows-amd64 JRE (21.0.4+8-LTS-274), built on 2024-06-05T05:23:33Z by "mach5one" with MS VC++ 17.6 (VS2022)

END.
